[2021-05-13T11:19:22.317855+09:00] general.INFO: 접속자 IP : 125.133.181.7 [] []
[2021-05-13T11:29:28.397260+09:00] general.INFO: 접속자 IP : 125.133.181.7 [] []
[2021-05-13T11:29:28.412822+09:00] general.INFO: 접속자 IP : 125.133.181.7 [] []
[2021-05-13T11:29:41.679929+09:00] general.INFO: 접속자 IP : 125.133.181.7 [] []
[2021-05-13T11:29:41.693308+09:00] general.INFO: 접속자 IP : 125.133.181.7 [] []
[2021-05-13T11:29:50.943537+09:00] general.INFO: 접속자 IP : 125.133.181.7 [] []
[2021-05-13T11:30:04.720850+09:00] general.INFO: 접속자 IP : 125.133.181.7 [] []
[2021-05-13T11:30:05.950373+09:00] general.INFO: 접속자 IP : 125.133.181.7 [] []
[2021-05-13T12:34:28.391408+09:00] general.INFO: 접속자 IP : 125.133.181.7 [] []
[2021-05-13T12:34:38.477404+09:00] general.INFO: 접속자 IP : 125.133.181.7 [] []
[2021-05-13T12:34:38.493024+09:00] general.INFO: 접속자 IP : 125.133.181.7 [] []
[2021-05-13T13:12:02.145499+09:00] general.INFO: 접속자 IP : 125.133.181.7 [] []
[2021-05-13T13:12:02.163829+09:00] general.INFO: 접속자 IP : 125.133.181.7 [] []
[2021-05-13T13:12:02.241189+09:00] general.INFO: 접속자 IP : 125.133.181.7 [] []
[2021-05-13T13:12:13.962900+09:00] general.INFO: 접속자 IP : 125.133.181.7 [] []
[2021-05-13T13:12:13.963321+09:00] general.INFO: REQUEST - POST : {"memId":"junghwan02","memPw":"qwe123QWE!@#"} [] []
[2021-05-13T13:12:13.963321+09:00] general.INFO: REQUEST - POST : {"memId":"junghwan02","memPw":"qwe123QWE!@#"} [] []
[2021-05-13T13:12:13.967460+09:00] general.INFO: DB 연결 성공 [] []
[2021-05-13T13:12:13.967460+09:00] general.INFO: DB 연결 성공 [] []
[2021-05-13T13:12:13.967460+09:00] general.INFO: DB 연결 성공 [] []
[2021-05-13T13:12:13.967563+09:00] general.INFO: SQL - SELECT memNo FROM yh_member WHERE memId = :where_memId_0 LIMIT :offset, :limit [] []
[2021-05-13T13:12:13.967563+09:00] general.INFO: SQL - SELECT memNo FROM yh_member WHERE memId = :where_memId_0 LIMIT :offset, :limit [] []
[2021-05-13T13:12:13.967563+09:00] general.INFO: SQL - SELECT memNo FROM yh_member WHERE memId = :where_memId_0 LIMIT :offset, :limit [] []
[2021-05-13T13:12:13.967563+09:00] general.INFO: SQL - SELECT memNo FROM yh_member WHERE memId = :where_memId_0 LIMIT :offset, :limit [] []
[2021-05-13T13:12:13.967631+09:00] general.INFO: SQL BINDS - where_memId_0 : junghwan02,offset : 0,limit : 1 [] []
[2021-05-13T13:12:13.967631+09:00] general.INFO: SQL BINDS - where_memId_0 : junghwan02,offset : 0,limit : 1 [] []
[2021-05-13T13:12:13.967631+09:00] general.INFO: SQL BINDS - where_memId_0 : junghwan02,offset : 0,limit : 1 [] []
[2021-05-13T13:12:13.967631+09:00] general.INFO: SQL BINDS - where_memId_0 : junghwan02,offset : 0,limit : 1 [] []
[2021-05-13T13:12:13.967631+09:00] general.INFO: SQL BINDS - where_memId_0 : junghwan02,offset : 0,limit : 1 [] []
[2021-05-13T13:12:13.969840+09:00] general.INFO: SQL - SELECT * FROM yh_member WHERE memNo = :where_memNo_0 LIMIT :offset, :limit [] []
[2021-05-13T13:12:13.969840+09:00] general.INFO: SQL - SELECT * FROM yh_member WHERE memNo = :where_memNo_0 LIMIT :offset, :limit [] []
[2021-05-13T13:12:13.969840+09:00] general.INFO: SQL - SELECT * FROM yh_member WHERE memNo = :where_memNo_0 LIMIT :offset, :limit [] []
[2021-05-13T13:12:13.969840+09:00] general.INFO: SQL - SELECT * FROM yh_member WHERE memNo = :where_memNo_0 LIMIT :offset, :limit [] []
[2021-05-13T13:12:13.969840+09:00] general.INFO: SQL - SELECT * FROM yh_member WHERE memNo = :where_memNo_0 LIMIT :offset, :limit [] []
[2021-05-13T13:12:13.969840+09:00] general.INFO: SQL - SELECT * FROM yh_member WHERE memNo = :where_memNo_0 LIMIT :offset, :limit [] []
[2021-05-13T13:12:13.969949+09:00] general.INFO: SQL BINDS - where_memNo_0 : 8,offset : 0,limit : 1 [] []
[2021-05-13T13:12:13.969949+09:00] general.INFO: SQL BINDS - where_memNo_0 : 8,offset : 0,limit : 1 [] []
[2021-05-13T13:12:13.969949+09:00] general.INFO: SQL BINDS - where_memNo_0 : 8,offset : 0,limit : 1 [] []
[2021-05-13T13:12:13.969949+09:00] general.INFO: SQL BINDS - where_memNo_0 : 8,offset : 0,limit : 1 [] []
[2021-05-13T13:12:13.969949+09:00] general.INFO: SQL BINDS - where_memNo_0 : 8,offset : 0,limit : 1 [] []
[2021-05-13T13:12:13.969949+09:00] general.INFO: SQL BINDS - where_memNo_0 : 8,offset : 0,limit : 1 [] []
[2021-05-13T13:12:13.969949+09:00] general.INFO: SQL BINDS - where_memNo_0 : 8,offset : 0,limit : 1 [] []
[2021-05-13T13:12:14.042055+09:00] general.INFO: 접속자 IP : 125.133.181.7 [] []
[2021-05-13T13:12:14.042882+09:00] general.INFO: DB 연결 성공 [] []
[2021-05-13T13:12:14.042882+09:00] general.INFO: DB 연결 성공 [] []
[2021-05-13T13:12:14.042973+09:00] general.INFO: SQL - SELECT * FROM yh_member WHERE memNo = :where_memNo_0 LIMIT :offset, :limit [] []
[2021-05-13T13:12:14.042973+09:00] general.INFO: SQL - SELECT * FROM yh_member WHERE memNo = :where_memNo_0 LIMIT :offset, :limit [] []
[2021-05-13T13:12:14.042973+09:00] general.INFO: SQL - SELECT * FROM yh_member WHERE memNo = :where_memNo_0 LIMIT :offset, :limit [] []
[2021-05-13T13:12:14.043030+09:00] general.INFO: SQL BINDS - where_memNo_0 : 8,offset : 0,limit : 1 [] []
[2021-05-13T13:12:14.043030+09:00] general.INFO: SQL BINDS - where_memNo_0 : 8,offset : 0,limit : 1 [] []
[2021-05-13T13:12:14.043030+09:00] general.INFO: SQL BINDS - where_memNo_0 : 8,offset : 0,limit : 1 [] []
[2021-05-13T13:12:14.043030+09:00] general.INFO: SQL BINDS - where_memNo_0 : 8,offset : 0,limit : 1 [] []
[2021-05-13T13:12:17.079760+09:00] general.INFO: 접속자 IP : 125.133.181.7 [] []
[2021-05-13T13:12:17.080535+09:00] general.INFO: DB 연결 성공 [] []
[2021-05-13T13:12:17.080535+09:00] general.INFO: DB 연결 성공 [] []
[2021-05-13T13:12:17.080625+09:00] general.INFO: SQL - SELECT * FROM yh_member WHERE memNo = :where_memNo_0 LIMIT :offset, :limit [] []
[2021-05-13T13:12:17.080625+09:00] general.INFO: SQL - SELECT * FROM yh_member WHERE memNo = :where_memNo_0 LIMIT :offset, :limit [] []
[2021-05-13T13:12:17.080625+09:00] general.INFO: SQL - SELECT * FROM yh_member WHERE memNo = :where_memNo_0 LIMIT :offset, :limit [] []
[2021-05-13T13:12:17.080681+09:00] general.INFO: SQL BINDS - where_memNo_0 : 8,offset : 0,limit : 1 [] []
[2021-05-13T13:12:17.080681+09:00] general.INFO: SQL BINDS - where_memNo_0 : 8,offset : 0,limit : 1 [] []
[2021-05-13T13:12:17.080681+09:00] general.INFO: SQL BINDS - where_memNo_0 : 8,offset : 0,limit : 1 [] []
[2021-05-13T13:12:17.080681+09:00] general.INFO: SQL BINDS - where_memNo_0 : 8,offset : 0,limit : 1 [] []
[2021-05-13T13:12:17.098616+09:00] general.INFO: 접속자 IP : 125.133.181.7 [] []
[2021-05-13T13:12:17.099437+09:00] general.INFO: DB 연결 성공 [] []
[2021-05-13T13:12:17.099437+09:00] general.INFO: DB 연결 성공 [] []
[2021-05-13T13:12:17.099520+09:00] general.INFO: SQL - SELECT * FROM yh_member WHERE memNo = :where_memNo_0 LIMIT :offset, :limit [] []
[2021-05-13T13:12:17.099520+09:00] general.INFO: SQL - SELECT * FROM yh_member WHERE memNo = :where_memNo_0 LIMIT :offset, :limit [] []
[2021-05-13T13:12:17.099520+09:00] general.INFO: SQL - SELECT * FROM yh_member WHERE memNo = :where_memNo_0 LIMIT :offset, :limit [] []
[2021-05-13T13:12:17.099577+09:00] general.INFO: SQL BINDS - where_memNo_0 : 8,offset : 0,limit : 1 [] []
[2021-05-13T13:12:17.099577+09:00] general.INFO: SQL BINDS - where_memNo_0 : 8,offset : 0,limit : 1 [] []
[2021-05-13T13:12:17.099577+09:00] general.INFO: SQL BINDS - where_memNo_0 : 8,offset : 0,limit : 1 [] []
[2021-05-13T13:12:17.099577+09:00] general.INFO: SQL BINDS - where_memNo_0 : 8,offset : 0,limit : 1 [] []
[2021-05-13T13:12:17.100126+09:00] general.INFO: SQL - SELECT COUNT(*) as cnt FROM yh_goods LIMIT :offset, :limit [] []
[2021-05-13T13:12:17.100126+09:00] general.INFO: SQL - SELECT COUNT(*) as cnt FROM yh_goods LIMIT :offset, :limit [] []
[2021-05-13T13:12:17.100126+09:00] general.INFO: SQL - SELECT COUNT(*) as cnt FROM yh_goods LIMIT :offset, :limit [] []
[2021-05-13T13:12:17.100126+09:00] general.INFO: SQL - SELECT COUNT(*) as cnt FROM yh_goods LIMIT :offset, :limit [] []
[2021-05-13T13:12:17.100126+09:00] general.INFO: SQL - SELECT COUNT(*) as cnt FROM yh_goods LIMIT :offset, :limit [] []
[2021-05-13T13:12:17.100210+09:00] general.INFO: SQL BINDS - offset : 0,limit : 1 [] []
[2021-05-13T13:12:17.100210+09:00] general.INFO: SQL BINDS - offset : 0,limit : 1 [] []
[2021-05-13T13:12:17.100210+09:00] general.INFO: SQL BINDS - offset : 0,limit : 1 [] []
[2021-05-13T13:12:17.100210+09:00] general.INFO: SQL BINDS - offset : 0,limit : 1 [] []
[2021-05-13T13:12:17.100210+09:00] general.INFO: SQL BINDS - offset : 0,limit : 1 [] []
[2021-05-13T13:12:17.100210+09:00] general.INFO: SQL BINDS - offset : 0,limit : 1 [] []
[2021-05-13T13:12:17.100438+09:00] general.INFO: SQL - SELECT * FROM yh_goods ORDER BY regDt DESC LIMIT :offset, :limit [] []
[2021-05-13T13:12:17.100438+09:00] general.INFO: SQL - SELECT * FROM yh_goods ORDER BY regDt DESC LIMIT :offset, :limit [] []
[2021-05-13T13:12:17.100438+09:00] general.INFO: SQL - SELECT * FROM yh_goods ORDER BY regDt DESC LIMIT :offset, :limit [] []
[2021-05-13T13:12:17.100438+09:00] general.INFO: SQL - SELECT * FROM yh_goods ORDER BY regDt DESC LIMIT :offset, :limit [] []
[2021-05-13T13:12:17.100438+09:00] general.INFO: SQL - SELECT * FROM yh_goods ORDER BY regDt DESC LIMIT :offset, :limit [] []
[2021-05-13T13:12:17.100438+09:00] general.INFO: SQL - SELECT * FROM yh_goods ORDER BY regDt DESC LIMIT :offset, :limit [] []
[2021-05-13T13:12:17.100438+09:00] general.INFO: SQL - SELECT * FROM yh_goods ORDER BY regDt DESC LIMIT :offset, :limit [] []
[2021-05-13T13:12:17.100536+09:00] general.INFO: SQL BINDS - offset : 0,limit : 20 [] []
[2021-05-13T13:12:17.100536+09:00] general.INFO: SQL BINDS - offset : 0,limit : 20 [] []
[2021-05-13T13:12:17.100536+09:00] general.INFO: SQL BINDS - offset : 0,limit : 20 [] []
[2021-05-13T13:12:17.100536+09:00] general.INFO: SQL BINDS - offset : 0,limit : 20 [] []
[2021-05-13T13:12:17.100536+09:00] general.INFO: SQL BINDS - offset : 0,limit : 20 [] []
[2021-05-13T13:12:17.100536+09:00] general.INFO: SQL BINDS - offset : 0,limit : 20 [] []
[2021-05-13T13:12:17.100536+09:00] general.INFO: SQL BINDS - offset : 0,limit : 20 [] []
[2021-05-13T13:12:17.100536+09:00] general.INFO: SQL BINDS - offset : 0,limit : 20 [] []
[2021-05-13T13:12:19.982590+09:00] general.INFO: 접속자 IP : 125.133.181.7 [] []
[2021-05-13T13:12:19.983471+09:00] general.INFO: DB 연결 성공 [] []
[2021-05-13T13:12:19.983471+09:00] general.INFO: DB 연결 성공 [] []
[2021-05-13T13:12:19.983560+09:00] general.INFO: SQL - SELECT * FROM yh_member WHERE memNo = :where_memNo_0 LIMIT :offset, :limit [] []
[2021-05-13T13:12:19.983560+09:00] general.INFO: SQL - SELECT * FROM yh_member WHERE memNo = :where_memNo_0 LIMIT :offset, :limit [] []
[2021-05-13T13:12:19.983560+09:00] general.INFO: SQL - SELECT * FROM yh_member WHERE memNo = :where_memNo_0 LIMIT :offset, :limit [] []
[2021-05-13T13:12:19.983619+09:00] general.INFO: SQL BINDS - where_memNo_0 : 8,offset : 0,limit : 1 [] []
[2021-05-13T13:12:19.983619+09:00] general.INFO: SQL BINDS - where_memNo_0 : 8,offset : 0,limit : 1 [] []
[2021-05-13T13:12:19.983619+09:00] general.INFO: SQL BINDS - where_memNo_0 : 8,offset : 0,limit : 1 [] []
[2021-05-13T13:12:19.983619+09:00] general.INFO: SQL BINDS - where_memNo_0 : 8,offset : 0,limit : 1 [] []
[2021-05-13T13:12:40.381756+09:00] general.INFO: 접속자 IP : 125.133.181.7 [] []
[2021-05-13T13:12:40.382560+09:00] general.INFO: DB 연결 성공 [] []
[2021-05-13T13:12:40.382560+09:00] general.INFO: DB 연결 성공 [] []
[2021-05-13T13:12:40.382643+09:00] general.INFO: SQL - SELECT * FROM yh_member WHERE memNo = :where_memNo_0 LIMIT :offset, :limit [] []
[2021-05-13T13:12:40.382643+09:00] general.INFO: SQL - SELECT * FROM yh_member WHERE memNo = :where_memNo_0 LIMIT :offset, :limit [] []
[2021-05-13T13:12:40.382643+09:00] general.INFO: SQL - SELECT * FROM yh_member WHERE memNo = :where_memNo_0 LIMIT :offset, :limit [] []
[2021-05-13T13:12:40.382702+09:00] general.INFO: SQL BINDS - where_memNo_0 : 8,offset : 0,limit : 1 [] []
[2021-05-13T13:12:40.382702+09:00] general.INFO: SQL BINDS - where_memNo_0 : 8,offset : 0,limit : 1 [] []
[2021-05-13T13:12:40.382702+09:00] general.INFO: SQL BINDS - where_memNo_0 : 8,offset : 0,limit : 1 [] []
[2021-05-13T13:12:40.382702+09:00] general.INFO: SQL BINDS - where_memNo_0 : 8,offset : 0,limit : 1 [] []
[2021-05-13T13:12:40.383309+09:00] general.INFO: SQL - SELECT COUNT(*) as cnt FROM yh_goods LIMIT :offset, :limit [] []
[2021-05-13T13:12:40.383309+09:00] general.INFO: SQL - SELECT COUNT(*) as cnt FROM yh_goods LIMIT :offset, :limit [] []
[2021-05-13T13:12:40.383309+09:00] general.INFO: SQL - SELECT COUNT(*) as cnt FROM yh_goods LIMIT :offset, :limit [] []
[2021-05-13T13:12:40.383309+09:00] general.INFO: SQL - SELECT COUNT(*) as cnt FROM yh_goods LIMIT :offset, :limit [] []
[2021-05-13T13:12:40.383309+09:00] general.INFO: SQL - SELECT COUNT(*) as cnt FROM yh_goods LIMIT :offset, :limit [] []
[2021-05-13T13:12:40.383393+09:00] general.INFO: SQL BINDS - offset : 0,limit : 1 [] []
[2021-05-13T13:12:40.383393+09:00] general.INFO: SQL BINDS - offset : 0,limit : 1 [] []
[2021-05-13T13:12:40.383393+09:00] general.INFO: SQL BINDS - offset : 0,limit : 1 [] []
[2021-05-13T13:12:40.383393+09:00] general.INFO: SQL BINDS - offset : 0,limit : 1 [] []
[2021-05-13T13:12:40.383393+09:00] general.INFO: SQL BINDS - offset : 0,limit : 1 [] []
[2021-05-13T13:12:40.383393+09:00] general.INFO: SQL BINDS - offset : 0,limit : 1 [] []
[2021-05-13T13:12:40.383568+09:00] general.INFO: SQL - SELECT * FROM yh_goods ORDER BY regDt DESC LIMIT :offset, :limit [] []
[2021-05-13T13:12:40.383568+09:00] general.INFO: SQL - SELECT * FROM yh_goods ORDER BY regDt DESC LIMIT :offset, :limit [] []
[2021-05-13T13:12:40.383568+09:00] general.INFO: SQL - SELECT * FROM yh_goods ORDER BY regDt DESC LIMIT :offset, :limit [] []
[2021-05-13T13:12:40.383568+09:00] general.INFO: SQL - SELECT * FROM yh_goods ORDER BY regDt DESC LIMIT :offset, :limit [] []
[2021-05-13T13:12:40.383568+09:00] general.INFO: SQL - SELECT * FROM yh_goods ORDER BY regDt DESC LIMIT :offset, :limit [] []
[2021-05-13T13:12:40.383568+09:00] general.INFO: SQL - SELECT * FROM yh_goods ORDER BY regDt DESC LIMIT :offset, :limit [] []
[2021-05-13T13:12:40.383568+09:00] general.INFO: SQL - SELECT * FROM yh_goods ORDER BY regDt DESC LIMIT :offset, :limit [] []
[2021-05-13T13:12:40.383671+09:00] general.INFO: SQL BINDS - offset : 0,limit : 20 [] []
[2021-05-13T13:12:40.383671+09:00] general.INFO: SQL BINDS - offset : 0,limit : 20 [] []
[2021-05-13T13:12:40.383671+09:00] general.INFO: SQL BINDS - offset : 0,limit : 20 [] []
[2021-05-13T13:12:40.383671+09:00] general.INFO: SQL BINDS - offset : 0,limit : 20 [] []
[2021-05-13T13:12:40.383671+09:00] general.INFO: SQL BINDS - offset : 0,limit : 20 [] []
[2021-05-13T13:12:40.383671+09:00] general.INFO: SQL BINDS - offset : 0,limit : 20 [] []
[2021-05-13T13:12:40.383671+09:00] general.INFO: SQL BINDS - offset : 0,limit : 20 [] []
[2021-05-13T13:12:40.383671+09:00] general.INFO: SQL BINDS - offset : 0,limit : 20 [] []
[2021-05-13T13:12:43.643155+09:00] general.INFO: 접속자 IP : 125.133.181.7 [] []
[2021-05-13T13:12:43.644011+09:00] general.INFO: DB 연결 성공 [] []
[2021-05-13T13:12:43.644011+09:00] general.INFO: DB 연결 성공 [] []
[2021-05-13T13:12:43.644099+09:00] general.INFO: SQL - SELECT * FROM yh_member WHERE memNo = :where_memNo_0 LIMIT :offset, :limit [] []
[2021-05-13T13:12:43.644099+09:00] general.INFO: SQL - SELECT * FROM yh_member WHERE memNo = :where_memNo_0 LIMIT :offset, :limit [] []
[2021-05-13T13:12:43.644099+09:00] general.INFO: SQL - SELECT * FROM yh_member WHERE memNo = :where_memNo_0 LIMIT :offset, :limit [] []
[2021-05-13T13:12:43.644158+09:00] general.INFO: SQL BINDS - where_memNo_0 : 8,offset : 0,limit : 1 [] []
[2021-05-13T13:12:43.644158+09:00] general.INFO: SQL BINDS - where_memNo_0 : 8,offset : 0,limit : 1 [] []
[2021-05-13T13:12:43.644158+09:00] general.INFO: SQL BINDS - where_memNo_0 : 8,offset : 0,limit : 1 [] []
[2021-05-13T13:12:43.644158+09:00] general.INFO: SQL BINDS - where_memNo_0 : 8,offset : 0,limit : 1 [] []
[2021-05-13T13:12:46.014340+09:00] general.INFO: 접속자 IP : 125.133.181.7 [] []
[2021-05-13T13:12:46.015404+09:00] general.INFO: DB 연결 성공 [] []
[2021-05-13T13:12:46.015404+09:00] general.INFO: DB 연결 성공 [] []
[2021-05-13T13:12:46.015494+09:00] general.INFO: SQL - SELECT * FROM yh_member WHERE memNo = :where_memNo_0 LIMIT :offset, :limit [] []
[2021-05-13T13:12:46.015494+09:00] general.INFO: SQL - SELECT * FROM yh_member WHERE memNo = :where_memNo_0 LIMIT :offset, :limit [] []
[2021-05-13T13:12:46.015494+09:00] general.INFO: SQL - SELECT * FROM yh_member WHERE memNo = :where_memNo_0 LIMIT :offset, :limit [] []
[2021-05-13T13:12:46.015554+09:00] general.INFO: SQL BINDS - where_memNo_0 : 8,offset : 0,limit : 1 [] []
[2021-05-13T13:12:46.015554+09:00] general.INFO: SQL BINDS - where_memNo_0 : 8,offset : 0,limit : 1 [] []
[2021-05-13T13:12:46.015554+09:00] general.INFO: SQL BINDS - where_memNo_0 : 8,offset : 0,limit : 1 [] []
[2021-05-13T13:12:46.015554+09:00] general.INFO: SQL BINDS - where_memNo_0 : 8,offset : 0,limit : 1 [] []
[2021-05-13T13:12:46.016139+09:00] general.INFO: SQL - SELECT COUNT(*) as cnt FROM yh_goods LIMIT :offset, :limit [] []
[2021-05-13T13:12:46.016139+09:00] general.INFO: SQL - SELECT COUNT(*) as cnt FROM yh_goods LIMIT :offset, :limit [] []
[2021-05-13T13:12:46.016139+09:00] general.INFO: SQL - SELECT COUNT(*) as cnt FROM yh_goods LIMIT :offset, :limit [] []
[2021-05-13T13:12:46.016139+09:00] general.INFO: SQL - SELECT COUNT(*) as cnt FROM yh_goods LIMIT :offset, :limit [] []
[2021-05-13T13:12:46.016139+09:00] general.INFO: SQL - SELECT COUNT(*) as cnt FROM yh_goods LIMIT :offset, :limit [] []
[2021-05-13T13:12:46.016223+09:00] general.INFO: SQL BINDS - offset : 0,limit : 1 [] []
[2021-05-13T13:12:46.016223+09:00] general.INFO: SQL BINDS - offset : 0,limit : 1 [] []
[2021-05-13T13:12:46.016223+09:00] general.INFO: SQL BINDS - offset : 0,limit : 1 [] []
[2021-05-13T13:12:46.016223+09:00] general.INFO: SQL BINDS - offset : 0,limit : 1 [] []
[2021-05-13T13:12:46.016223+09:00] general.INFO: SQL BINDS - offset : 0,limit : 1 [] []
[2021-05-13T13:12:46.016223+09:00] general.INFO: SQL BINDS - offset : 0,limit : 1 [] []
[2021-05-13T13:12:46.016404+09:00] general.INFO: SQL - SELECT * FROM yh_goods ORDER BY regDt DESC LIMIT :offset, :limit [] []
[2021-05-13T13:12:46.016404+09:00] general.INFO: SQL - SELECT * FROM yh_goods ORDER BY regDt DESC LIMIT :offset, :limit [] []
[2021-05-13T13:12:46.016404+09:00] general.INFO: SQL - SELECT * FROM yh_goods ORDER BY regDt DESC LIMIT :offset, :limit [] []
[2021-05-13T13:12:46.016404+09:00] general.INFO: SQL - SELECT * FROM yh_goods ORDER BY regDt DESC LIMIT :offset, :limit [] []
[2021-05-13T13:12:46.016404+09:00] general.INFO: SQL - SELECT * FROM yh_goods ORDER BY regDt DESC LIMIT :offset, :limit [] []
[2021-05-13T13:12:46.016404+09:00] general.INFO: SQL - SELECT * FROM yh_goods ORDER BY regDt DESC LIMIT :offset, :limit [] []
[2021-05-13T13:12:46.016404+09:00] general.INFO: SQL - SELECT * FROM yh_goods ORDER BY regDt DESC LIMIT :offset, :limit [] []
[2021-05-13T13:12:46.016508+09:00] general.INFO: SQL BINDS - offset : 0,limit : 20 [] []
[2021-05-13T13:12:46.016508+09:00] general.INFO: SQL BINDS - offset : 0,limit : 20 [] []
[2021-05-13T13:12:46.016508+09:00] general.INFO: SQL BINDS - offset : 0,limit : 20 [] []
[2021-05-13T13:12:46.016508+09:00] general.INFO: SQL BINDS - offset : 0,limit : 20 [] []
[2021-05-13T13:12:46.016508+09:00] general.INFO: SQL BINDS - offset : 0,limit : 20 [] []
[2021-05-13T13:12:46.016508+09:00] general.INFO: SQL BINDS - offset : 0,limit : 20 [] []
[2021-05-13T13:12:46.016508+09:00] general.INFO: SQL BINDS - offset : 0,limit : 20 [] []
[2021-05-13T13:12:46.016508+09:00] general.INFO: SQL BINDS - offset : 0,limit : 20 [] []
[2021-05-13T13:12:47.108305+09:00] general.INFO: 접속자 IP : 125.133.181.7 [] []
[2021-05-13T13:12:47.109158+09:00] general.INFO: DB 연결 성공 [] []
[2021-05-13T13:12:47.109158+09:00] general.INFO: DB 연결 성공 [] []
[2021-05-13T13:12:47.109243+09:00] general.INFO: SQL - SELECT * FROM yh_member WHERE memNo = :where_memNo_0 LIMIT :offset, :limit [] []
[2021-05-13T13:12:47.109243+09:00] general.INFO: SQL - SELECT * FROM yh_member WHERE memNo = :where_memNo_0 LIMIT :offset, :limit [] []
[2021-05-13T13:12:47.109243+09:00] general.INFO: SQL - SELECT * FROM yh_member WHERE memNo = :where_memNo_0 LIMIT :offset, :limit [] []
[2021-05-13T13:12:47.109321+09:00] general.INFO: SQL BINDS - where_memNo_0 : 8,offset : 0,limit : 1 [] []
[2021-05-13T13:12:47.109321+09:00] general.INFO: SQL BINDS - where_memNo_0 : 8,offset : 0,limit : 1 [] []
[2021-05-13T13:12:47.109321+09:00] general.INFO: SQL BINDS - where_memNo_0 : 8,offset : 0,limit : 1 [] []
[2021-05-13T13:12:47.109321+09:00] general.INFO: SQL BINDS - where_memNo_0 : 8,offset : 0,limit : 1 [] []
[2021-05-13T13:12:47.128542+09:00] general.INFO: 접속자 IP : 125.133.181.7 [] []
[2021-05-13T13:12:47.129334+09:00] general.INFO: DB 연결 성공 [] []
[2021-05-13T13:12:47.129334+09:00] general.INFO: DB 연결 성공 [] []
[2021-05-13T13:12:47.129415+09:00] general.INFO: SQL - SELECT * FROM yh_member WHERE memNo = :where_memNo_0 LIMIT :offset, :limit [] []
[2021-05-13T13:12:47.129415+09:00] general.INFO: SQL - SELECT * FROM yh_member WHERE memNo = :where_memNo_0 LIMIT :offset, :limit [] []
[2021-05-13T13:12:47.129415+09:00] general.INFO: SQL - SELECT * FROM yh_member WHERE memNo = :where_memNo_0 LIMIT :offset, :limit [] []
[2021-05-13T13:12:47.129472+09:00] general.INFO: SQL BINDS - where_memNo_0 : 8,offset : 0,limit : 1 [] []
[2021-05-13T13:12:47.129472+09:00] general.INFO: SQL BINDS - where_memNo_0 : 8,offset : 0,limit : 1 [] []
[2021-05-13T13:12:47.129472+09:00] general.INFO: SQL BINDS - where_memNo_0 : 8,offset : 0,limit : 1 [] []
[2021-05-13T13:12:47.129472+09:00] general.INFO: SQL BINDS - where_memNo_0 : 8,offset : 0,limit : 1 [] []
[2021-05-13T13:12:48.331146+09:00] general.INFO: 접속자 IP : 125.133.181.7 [] []
[2021-05-13T13:12:48.331998+09:00] general.INFO: DB 연결 성공 [] []
[2021-05-13T13:12:48.331998+09:00] general.INFO: DB 연결 성공 [] []
[2021-05-13T13:12:48.332085+09:00] general.INFO: SQL - SELECT * FROM yh_member WHERE memNo = :where_memNo_0 LIMIT :offset, :limit [] []
[2021-05-13T13:12:48.332085+09:00] general.INFO: SQL - SELECT * FROM yh_member WHERE memNo = :where_memNo_0 LIMIT :offset, :limit [] []
[2021-05-13T13:12:48.332085+09:00] general.INFO: SQL - SELECT * FROM yh_member WHERE memNo = :where_memNo_0 LIMIT :offset, :limit [] []
[2021-05-13T13:12:48.332141+09:00] general.INFO: SQL BINDS - where_memNo_0 : 8,offset : 0,limit : 1 [] []
[2021-05-13T13:12:48.332141+09:00] general.INFO: SQL BINDS - where_memNo_0 : 8,offset : 0,limit : 1 [] []
[2021-05-13T13:12:48.332141+09:00] general.INFO: SQL BINDS - where_memNo_0 : 8,offset : 0,limit : 1 [] []
[2021-05-13T13:12:48.332141+09:00] general.INFO: SQL BINDS - where_memNo_0 : 8,offset : 0,limit : 1 [] []
[2021-05-13T13:12:48.332747+09:00] general.INFO: SQL - SELECT COUNT(*) as cnt FROM yh_goods LIMIT :offset, :limit [] []
[2021-05-13T13:12:48.332747+09:00] general.INFO: SQL - SELECT COUNT(*) as cnt FROM yh_goods LIMIT :offset, :limit [] []
[2021-05-13T13:12:48.332747+09:00] general.INFO: SQL - SELECT COUNT(*) as cnt FROM yh_goods LIMIT :offset, :limit [] []
[2021-05-13T13:12:48.332747+09:00] general.INFO: SQL - SELECT COUNT(*) as cnt FROM yh_goods LIMIT :offset, :limit [] []
[2021-05-13T13:12:48.332747+09:00] general.INFO: SQL - SELECT COUNT(*) as cnt FROM yh_goods LIMIT :offset, :limit [] []
[2021-05-13T13:12:48.332839+09:00] general.INFO: SQL BINDS - offset : 0,limit : 1 [] []
[2021-05-13T13:12:48.332839+09:00] general.INFO: SQL BINDS - offset : 0,limit : 1 [] []
[2021-05-13T13:12:48.332839+09:00] general.INFO: SQL BINDS - offset : 0,limit : 1 [] []
[2021-05-13T13:12:48.332839+09:00] general.INFO: SQL BINDS - offset : 0,limit : 1 [] []
[2021-05-13T13:12:48.332839+09:00] general.INFO: SQL BINDS - offset : 0,limit : 1 [] []
[2021-05-13T13:12:48.332839+09:00] general.INFO: SQL BINDS - offset : 0,limit : 1 [] []
[2021-05-13T13:12:48.333026+09:00] general.INFO: SQL - SELECT * FROM yh_goods ORDER BY regDt DESC LIMIT :offset, :limit [] []
[2021-05-13T13:12:48.333026+09:00] general.INFO: SQL - SELECT * FROM yh_goods ORDER BY regDt DESC LIMIT :offset, :limit [] []
[2021-05-13T13:12:48.333026+09:00] general.INFO: SQL - SELECT * FROM yh_goods ORDER BY regDt DESC LIMIT :offset, :limit [] []
[2021-05-13T13:12:48.333026+09:00] general.INFO: SQL - SELECT * FROM yh_goods ORDER BY regDt DESC LIMIT :offset, :limit [] []
[2021-05-13T13:12:48.333026+09:00] general.INFO: SQL - SELECT * FROM yh_goods ORDER BY regDt DESC LIMIT :offset, :limit [] []
[2021-05-13T13:12:48.333026+09:00] general.INFO: SQL - SELECT * FROM yh_goods ORDER BY regDt DESC LIMIT :offset, :limit [] []
[2021-05-13T13:12:48.333026+09:00] general.INFO: SQL - SELECT * FROM yh_goods ORDER BY regDt DESC LIMIT :offset, :limit [] []
[2021-05-13T13:12:48.333130+09:00] general.INFO: SQL BINDS - offset : 0,limit : 20 [] []
[2021-05-13T13:12:48.333130+09:00] general.INFO: SQL BINDS - offset : 0,limit : 20 [] []
[2021-05-13T13:12:48.333130+09:00] general.INFO: SQL BINDS - offset : 0,limit : 20 [] []
[2021-05-13T13:12:48.333130+09:00] general.INFO: SQL BINDS - offset : 0,limit : 20 [] []
[2021-05-13T13:12:48.333130+09:00] general.INFO: SQL BINDS - offset : 0,limit : 20 [] []
[2021-05-13T13:12:48.333130+09:00] general.INFO: SQL BINDS - offset : 0,limit : 20 [] []
[2021-05-13T13:12:48.333130+09:00] general.INFO: SQL BINDS - offset : 0,limit : 20 [] []
[2021-05-13T13:12:48.333130+09:00] general.INFO: SQL BINDS - offset : 0,limit : 20 [] []
[2021-05-13T13:12:56.587985+09:00] general.INFO: 접속자 IP : 125.133.181.7 [] []
[2021-05-13T13:12:56.588836+09:00] general.INFO: DB 연결 성공 [] []
[2021-05-13T13:12:56.588836+09:00] general.INFO: DB 연결 성공 [] []
[2021-05-13T13:12:56.588925+09:00] general.INFO: SQL - SELECT * FROM yh_member WHERE memNo = :where_memNo_0 LIMIT :offset, :limit [] []
[2021-05-13T13:12:56.588925+09:00] general.INFO: SQL - SELECT * FROM yh_member WHERE memNo = :where_memNo_0 LIMIT :offset, :limit [] []
[2021-05-13T13:12:56.588925+09:00] general.INFO: SQL - SELECT * FROM yh_member WHERE memNo = :where_memNo_0 LIMIT :offset, :limit [] []
[2021-05-13T13:12:56.588983+09:00] general.INFO: SQL BINDS - where_memNo_0 : 8,offset : 0,limit : 1 [] []
[2021-05-13T13:12:56.588983+09:00] general.INFO: SQL BINDS - where_memNo_0 : 8,offset : 0,limit : 1 [] []
[2021-05-13T13:12:56.588983+09:00] general.INFO: SQL BINDS - where_memNo_0 : 8,offset : 0,limit : 1 [] []
[2021-05-13T13:12:56.588983+09:00] general.INFO: SQL BINDS - where_memNo_0 : 8,offset : 0,limit : 1 [] []
[2021-05-13T13:12:56.608978+09:00] general.INFO: 접속자 IP : 125.133.181.7 [] []
[2021-05-13T13:12:56.609727+09:00] general.INFO: DB 연결 성공 [] []
[2021-05-13T13:12:56.609727+09:00] general.INFO: DB 연결 성공 [] []
[2021-05-13T13:12:56.609809+09:00] general.INFO: SQL - SELECT * FROM yh_member WHERE memNo = :where_memNo_0 LIMIT :offset, :limit [] []
[2021-05-13T13:12:56.609809+09:00] general.INFO: SQL - SELECT * FROM yh_member WHERE memNo = :where_memNo_0 LIMIT :offset, :limit [] []
[2021-05-13T13:12:56.609809+09:00] general.INFO: SQL - SELECT * FROM yh_member WHERE memNo = :where_memNo_0 LIMIT :offset, :limit [] []
[2021-05-13T13:12:56.609866+09:00] general.INFO: SQL BINDS - where_memNo_0 : 8,offset : 0,limit : 1 [] []
[2021-05-13T13:12:56.609866+09:00] general.INFO: SQL BINDS - where_memNo_0 : 8,offset : 0,limit : 1 [] []
[2021-05-13T13:12:56.609866+09:00] general.INFO: SQL BINDS - where_memNo_0 : 8,offset : 0,limit : 1 [] []
[2021-05-13T13:12:56.609866+09:00] general.INFO: SQL BINDS - where_memNo_0 : 8,offset : 0,limit : 1 [] []
[2021-05-13T13:12:58.078266+09:00] general.INFO: 접속자 IP : 125.133.181.7 [] []
[2021-05-13T13:12:58.079476+09:00] general.INFO: DB 연결 성공 [] []
[2021-05-13T13:12:58.079476+09:00] general.INFO: DB 연결 성공 [] []
[2021-05-13T13:12:58.079564+09:00] general.INFO: SQL - SELECT * FROM yh_member WHERE memNo = :where_memNo_0 LIMIT :offset, :limit [] []
[2021-05-13T13:12:58.079564+09:00] general.INFO: SQL - SELECT * FROM yh_member WHERE memNo = :where_memNo_0 LIMIT :offset, :limit [] []
[2021-05-13T13:12:58.079564+09:00] general.INFO: SQL - SELECT * FROM yh_member WHERE memNo = :where_memNo_0 LIMIT :offset, :limit [] []
[2021-05-13T13:12:58.079622+09:00] general.INFO: SQL BINDS - where_memNo_0 : 8,offset : 0,limit : 1 [] []
[2021-05-13T13:12:58.079622+09:00] general.INFO: SQL BINDS - where_memNo_0 : 8,offset : 0,limit : 1 [] []
[2021-05-13T13:12:58.079622+09:00] general.INFO: SQL BINDS - where_memNo_0 : 8,offset : 0,limit : 1 [] []
[2021-05-13T13:12:58.079622+09:00] general.INFO: SQL BINDS - where_memNo_0 : 8,offset : 0,limit : 1 [] []
[2021-05-13T13:12:58.080206+09:00] general.INFO: SQL - SELECT COUNT(*) as cnt FROM yh_goods LIMIT :offset, :limit [] []
[2021-05-13T13:12:58.080206+09:00] general.INFO: SQL - SELECT COUNT(*) as cnt FROM yh_goods LIMIT :offset, :limit [] []
[2021-05-13T13:12:58.080206+09:00] general.INFO: SQL - SELECT COUNT(*) as cnt FROM yh_goods LIMIT :offset, :limit [] []
[2021-05-13T13:12:58.080206+09:00] general.INFO: SQL - SELECT COUNT(*) as cnt FROM yh_goods LIMIT :offset, :limit [] []
[2021-05-13T13:12:58.080206+09:00] general.INFO: SQL - SELECT COUNT(*) as cnt FROM yh_goods LIMIT :offset, :limit [] []
[2021-05-13T13:12:58.080288+09:00] general.INFO: SQL BINDS - offset : 0,limit : 1 [] []
[2021-05-13T13:12:58.080288+09:00] general.INFO: SQL BINDS - offset : 0,limit : 1 [] []
[2021-05-13T13:12:58.080288+09:00] general.INFO: SQL BINDS - offset : 0,limit : 1 [] []
[2021-05-13T13:12:58.080288+09:00] general.INFO: SQL BINDS - offset : 0,limit : 1 [] []
[2021-05-13T13:12:58.080288+09:00] general.INFO: SQL BINDS - offset : 0,limit : 1 [] []
[2021-05-13T13:12:58.080288+09:00] general.INFO: SQL BINDS - offset : 0,limit : 1 [] []
[2021-05-13T13:12:58.080468+09:00] general.INFO: SQL - SELECT * FROM yh_goods ORDER BY regDt DESC LIMIT :offset, :limit [] []
[2021-05-13T13:12:58.080468+09:00] general.INFO: SQL - SELECT * FROM yh_goods ORDER BY regDt DESC LIMIT :offset, :limit [] []
[2021-05-13T13:12:58.080468+09:00] general.INFO: SQL - SELECT * FROM yh_goods ORDER BY regDt DESC LIMIT :offset, :limit [] []
[2021-05-13T13:12:58.080468+09:00] general.INFO: SQL - SELECT * FROM yh_goods ORDER BY regDt DESC LIMIT :offset, :limit [] []
[2021-05-13T13:12:58.080468+09:00] general.INFO: SQL - SELECT * FROM yh_goods ORDER BY regDt DESC LIMIT :offset, :limit [] []
[2021-05-13T13:12:58.080468+09:00] general.INFO: SQL - SELECT * FROM yh_goods ORDER BY regDt DESC LIMIT :offset, :limit [] []
[2021-05-13T13:12:58.080468+09:00] general.INFO: SQL - SELECT * FROM yh_goods ORDER BY regDt DESC LIMIT :offset, :limit [] []
[2021-05-13T13:12:58.080563+09:00] general.INFO: SQL BINDS - offset : 0,limit : 20 [] []
[2021-05-13T13:12:58.080563+09:00] general.INFO: SQL BINDS - offset : 0,limit : 20 [] []
[2021-05-13T13:12:58.080563+09:00] general.INFO: SQL BINDS - offset : 0,limit : 20 [] []
[2021-05-13T13:12:58.080563+09:00] general.INFO: SQL BINDS - offset : 0,limit : 20 [] []
[2021-05-13T13:12:58.080563+09:00] general.INFO: SQL BINDS - offset : 0,limit : 20 [] []
[2021-05-13T13:12:58.080563+09:00] general.INFO: SQL BINDS - offset : 0,limit : 20 [] []
[2021-05-13T13:12:58.080563+09:00] general.INFO: SQL BINDS - offset : 0,limit : 20 [] []
[2021-05-13T13:12:58.080563+09:00] general.INFO: SQL BINDS - offset : 0,limit : 20 [] []
[2021-05-13T13:14:46.053734+09:00] general.INFO: 접속자 IP : 125.133.181.7 [] []
[2021-05-13T13:14:46.057126+09:00] general.INFO: DB 연결 성공 [] []
[2021-05-13T13:14:46.057126+09:00] general.INFO: DB 연결 성공 [] []
[2021-05-13T13:14:46.057225+09:00] general.INFO: SQL - SELECT * FROM yh_member WHERE memNo = :where_memNo_0 LIMIT :offset, :limit [] []
[2021-05-13T13:14:46.057225+09:00] general.INFO: SQL - SELECT * FROM yh_member WHERE memNo = :where_memNo_0 LIMIT :offset, :limit [] []
[2021-05-13T13:14:46.057225+09:00] general.INFO: SQL - SELECT * FROM yh_member WHERE memNo = :where_memNo_0 LIMIT :offset, :limit [] []
[2021-05-13T13:14:46.057285+09:00] general.INFO: SQL BINDS - where_memNo_0 : 8,offset : 0,limit : 1 [] []
[2021-05-13T13:14:46.057285+09:00] general.INFO: SQL BINDS - where_memNo_0 : 8,offset : 0,limit : 1 [] []
[2021-05-13T13:14:46.057285+09:00] general.INFO: SQL BINDS - where_memNo_0 : 8,offset : 0,limit : 1 [] []
[2021-05-13T13:14:46.057285+09:00] general.INFO: SQL BINDS - where_memNo_0 : 8,offset : 0,limit : 1 [] []
[2021-05-13T13:14:46.174376+09:00] general.INFO: 접속자 IP : 125.133.181.7 [] []
[2021-05-13T13:14:46.175170+09:00] general.INFO: DB 연결 성공 [] []
[2021-05-13T13:14:46.175170+09:00] general.INFO: DB 연결 성공 [] []
[2021-05-13T13:14:46.175267+09:00] general.INFO: SQL - SELECT * FROM yh_member WHERE memNo = :where_memNo_0 LIMIT :offset, :limit [] []
[2021-05-13T13:14:46.175267+09:00] general.INFO: SQL - SELECT * FROM yh_member WHERE memNo = :where_memNo_0 LIMIT :offset, :limit [] []
[2021-05-13T13:14:46.175267+09:00] general.INFO: SQL - SELECT * FROM yh_member WHERE memNo = :where_memNo_0 LIMIT :offset, :limit [] []
[2021-05-13T13:14:46.175334+09:00] general.INFO: SQL BINDS - where_memNo_0 : 8,offset : 0,limit : 1 [] []
[2021-05-13T13:14:46.175334+09:00] general.INFO: SQL BINDS - where_memNo_0 : 8,offset : 0,limit : 1 [] []
[2021-05-13T13:14:46.175334+09:00] general.INFO: SQL BINDS - where_memNo_0 : 8,offset : 0,limit : 1 [] []
[2021-05-13T13:14:46.175334+09:00] general.INFO: SQL BINDS - where_memNo_0 : 8,offset : 0,limit : 1 [] []
[2021-05-13T13:14:47.306536+09:00] general.INFO: 접속자 IP : 125.133.181.7 [] []
[2021-05-13T13:14:47.307427+09:00] general.INFO: DB 연결 성공 [] []
[2021-05-13T13:14:47.307427+09:00] general.INFO: DB 연결 성공 [] []
[2021-05-13T13:14:47.307519+09:00] general.INFO: SQL - SELECT * FROM yh_member WHERE memNo = :where_memNo_0 LIMIT :offset, :limit [] []
[2021-05-13T13:14:47.307519+09:00] general.INFO: SQL - SELECT * FROM yh_member WHERE memNo = :where_memNo_0 LIMIT :offset, :limit [] []
[2021-05-13T13:14:47.307519+09:00] general.INFO: SQL - SELECT * FROM yh_member WHERE memNo = :where_memNo_0 LIMIT :offset, :limit [] []
[2021-05-13T13:14:47.307576+09:00] general.INFO: SQL BINDS - where_memNo_0 : 8,offset : 0,limit : 1 [] []
[2021-05-13T13:14:47.307576+09:00] general.INFO: SQL BINDS - where_memNo_0 : 8,offset : 0,limit : 1 [] []
[2021-05-13T13:14:47.307576+09:00] general.INFO: SQL BINDS - where_memNo_0 : 8,offset : 0,limit : 1 [] []
[2021-05-13T13:14:47.307576+09:00] general.INFO: SQL BINDS - where_memNo_0 : 8,offset : 0,limit : 1 [] []
[2021-05-13T13:14:47.308102+09:00] general.INFO: SQL - SELECT COUNT(*) as cnt FROM yh_goods LIMIT :offset, :limit [] []
[2021-05-13T13:14:47.308102+09:00] general.INFO: SQL - SELECT COUNT(*) as cnt FROM yh_goods LIMIT :offset, :limit [] []
[2021-05-13T13:14:47.308102+09:00] general.INFO: SQL - SELECT COUNT(*) as cnt FROM yh_goods LIMIT :offset, :limit [] []
[2021-05-13T13:14:47.308102+09:00] general.INFO: SQL - SELECT COUNT(*) as cnt FROM yh_goods LIMIT :offset, :limit [] []
[2021-05-13T13:14:47.308102+09:00] general.INFO: SQL - SELECT COUNT(*) as cnt FROM yh_goods LIMIT :offset, :limit [] []
[2021-05-13T13:14:47.308186+09:00] general.INFO: SQL BINDS - offset : 0,limit : 1 [] []
[2021-05-13T13:14:47.308186+09:00] general.INFO: SQL BINDS - offset : 0,limit : 1 [] []
[2021-05-13T13:14:47.308186+09:00] general.INFO: SQL BINDS - offset : 0,limit : 1 [] []
[2021-05-13T13:14:47.308186+09:00] general.INFO: SQL BINDS - offset : 0,limit : 1 [] []
[2021-05-13T13:14:47.308186+09:00] general.INFO: SQL BINDS - offset : 0,limit : 1 [] []
[2021-05-13T13:14:47.308186+09:00] general.INFO: SQL BINDS - offset : 0,limit : 1 [] []
[2021-05-13T13:14:47.308393+09:00] general.INFO: SQL - SELECT * FROM yh_goods ORDER BY regDt DESC LIMIT :offset, :limit [] []
[2021-05-13T13:14:47.308393+09:00] general.INFO: SQL - SELECT * FROM yh_goods ORDER BY regDt DESC LIMIT :offset, :limit [] []
[2021-05-13T13:14:47.308393+09:00] general.INFO: SQL - SELECT * FROM yh_goods ORDER BY regDt DESC LIMIT :offset, :limit [] []
[2021-05-13T13:14:47.308393+09:00] general.INFO: SQL - SELECT * FROM yh_goods ORDER BY regDt DESC LIMIT :offset, :limit [] []
[2021-05-13T13:14:47.308393+09:00] general.INFO: SQL - SELECT * FROM yh_goods ORDER BY regDt DESC LIMIT :offset, :limit [] []
[2021-05-13T13:14:47.308393+09:00] general.INFO: SQL - SELECT * FROM yh_goods ORDER BY regDt DESC LIMIT :offset, :limit [] []
[2021-05-13T13:14:47.308393+09:00] general.INFO: SQL - SELECT * FROM yh_goods ORDER BY regDt DESC LIMIT :offset, :limit [] []
[2021-05-13T13:14:47.308497+09:00] general.INFO: SQL BINDS - offset : 0,limit : 20 [] []
[2021-05-13T13:14:47.308497+09:00] general.INFO: SQL BINDS - offset : 0,limit : 20 [] []
[2021-05-13T13:14:47.308497+09:00] general.INFO: SQL BINDS - offset : 0,limit : 20 [] []
[2021-05-13T13:14:47.308497+09:00] general.INFO: SQL BINDS - offset : 0,limit : 20 [] []
[2021-05-13T13:14:47.308497+09:00] general.INFO: SQL BINDS - offset : 0,limit : 20 [] []
[2021-05-13T13:14:47.308497+09:00] general.INFO: SQL BINDS - offset : 0,limit : 20 [] []
[2021-05-13T13:14:47.308497+09:00] general.INFO: SQL BINDS - offset : 0,limit : 20 [] []
[2021-05-13T13:14:47.308497+09:00] general.INFO: SQL BINDS - offset : 0,limit : 20 [] []
[2021-05-13T13:14:50.517154+09:00] general.INFO: 접속자 IP : 125.133.181.7 [] []
[2021-05-13T13:14:50.518051+09:00] general.INFO: DB 연결 성공 [] []
[2021-05-13T13:14:50.518051+09:00] general.INFO: DB 연결 성공 [] []
[2021-05-13T13:14:50.518144+09:00] general.INFO: SQL - SELECT * FROM yh_member WHERE memNo = :where_memNo_0 LIMIT :offset, :limit [] []
[2021-05-13T13:14:50.518144+09:00] general.INFO: SQL - SELECT * FROM yh_member WHERE memNo = :where_memNo_0 LIMIT :offset, :limit [] []
[2021-05-13T13:14:50.518144+09:00] general.INFO: SQL - SELECT * FROM yh_member WHERE memNo = :where_memNo_0 LIMIT :offset, :limit [] []
[2021-05-13T13:14:50.518204+09:00] general.INFO: SQL BINDS - where_memNo_0 : 8,offset : 0,limit : 1 [] []
[2021-05-13T13:14:50.518204+09:00] general.INFO: SQL BINDS - where_memNo_0 : 8,offset : 0,limit : 1 [] []
[2021-05-13T13:14:50.518204+09:00] general.INFO: SQL BINDS - where_memNo_0 : 8,offset : 0,limit : 1 [] []
[2021-05-13T13:14:50.518204+09:00] general.INFO: SQL BINDS - where_memNo_0 : 8,offset : 0,limit : 1 [] []
