[2021-04-30T13:19:05.214549+09:00] general.INFO: 접속자 IP : 125.133.181.7 [] []
[2021-04-30T13:19:24.095893+09:00] general.INFO: 접속자 IP : 125.133.181.7 [] []
[2021-04-30T13:19:39.154424+09:00] general.INFO: 접속자 IP : 125.133.181.7 [] []
[2021-04-30T13:19:39.154864+09:00] general.INFO: REQUEST - POST : {"memId":"junghwan02","memPw":"qwe123QWE!@#"} [] []
[2021-04-30T13:19:39.154864+09:00] general.INFO: REQUEST - POST : {"memId":"junghwan02","memPw":"qwe123QWE!@#"} [] []
[2021-04-30T13:19:39.159791+09:00] general.INFO: DB 연결 성공 [] []
[2021-04-30T13:19:39.159791+09:00] general.INFO: DB 연결 성공 [] []
[2021-04-30T13:19:39.159791+09:00] general.INFO: DB 연결 성공 [] []
[2021-04-30T13:19:39.159908+09:00] general.INFO: SQL - SELECT memNo FROM yh_member WHERE memId = :where_memId_0 LIMIT :offset, :limit [] []
[2021-04-30T13:19:39.159908+09:00] general.INFO: SQL - SELECT memNo FROM yh_member WHERE memId = :where_memId_0 LIMIT :offset, :limit [] []
[2021-04-30T13:19:39.159908+09:00] general.INFO: SQL - SELECT memNo FROM yh_member WHERE memId = :where_memId_0 LIMIT :offset, :limit [] []
[2021-04-30T13:19:39.159908+09:00] general.INFO: SQL - SELECT memNo FROM yh_member WHERE memId = :where_memId_0 LIMIT :offset, :limit [] []
[2021-04-30T13:19:39.159985+09:00] general.INFO: SQL BINDS - where_memId_0 : junghwan02,offset : 0,limit : 1 [] []
[2021-04-30T13:19:39.159985+09:00] general.INFO: SQL BINDS - where_memId_0 : junghwan02,offset : 0,limit : 1 [] []
[2021-04-30T13:19:39.159985+09:00] general.INFO: SQL BINDS - where_memId_0 : junghwan02,offset : 0,limit : 1 [] []
[2021-04-30T13:19:39.159985+09:00] general.INFO: SQL BINDS - where_memId_0 : junghwan02,offset : 0,limit : 1 [] []
[2021-04-30T13:19:39.159985+09:00] general.INFO: SQL BINDS - where_memId_0 : junghwan02,offset : 0,limit : 1 [] []
[2021-04-30T13:19:39.160314+09:00] general.INFO: SQL - SELECT * FROM yh_member WHERE memNo = :where_memNo_0 LIMIT :offset, :limit [] []
[2021-04-30T13:19:39.160314+09:00] general.INFO: SQL - SELECT * FROM yh_member WHERE memNo = :where_memNo_0 LIMIT :offset, :limit [] []
[2021-04-30T13:19:39.160314+09:00] general.INFO: SQL - SELECT * FROM yh_member WHERE memNo = :where_memNo_0 LIMIT :offset, :limit [] []
[2021-04-30T13:19:39.160314+09:00] general.INFO: SQL - SELECT * FROM yh_member WHERE memNo = :where_memNo_0 LIMIT :offset, :limit [] []
[2021-04-30T13:19:39.160314+09:00] general.INFO: SQL - SELECT * FROM yh_member WHERE memNo = :where_memNo_0 LIMIT :offset, :limit [] []
[2021-04-30T13:19:39.160314+09:00] general.INFO: SQL - SELECT * FROM yh_member WHERE memNo = :where_memNo_0 LIMIT :offset, :limit [] []
[2021-04-30T13:19:39.160420+09:00] general.INFO: SQL BINDS - where_memNo_0 : 8,offset : 0,limit : 1 [] []
[2021-04-30T13:19:39.160420+09:00] general.INFO: SQL BINDS - where_memNo_0 : 8,offset : 0,limit : 1 [] []
[2021-04-30T13:19:39.160420+09:00] general.INFO: SQL BINDS - where_memNo_0 : 8,offset : 0,limit : 1 [] []
[2021-04-30T13:19:39.160420+09:00] general.INFO: SQL BINDS - where_memNo_0 : 8,offset : 0,limit : 1 [] []
[2021-04-30T13:19:39.160420+09:00] general.INFO: SQL BINDS - where_memNo_0 : 8,offset : 0,limit : 1 [] []
[2021-04-30T13:19:39.160420+09:00] general.INFO: SQL BINDS - where_memNo_0 : 8,offset : 0,limit : 1 [] []
[2021-04-30T13:19:39.160420+09:00] general.INFO: SQL BINDS - where_memNo_0 : 8,offset : 0,limit : 1 [] []
[2021-04-30T13:19:39.243067+09:00] general.INFO: 접속자 IP : 125.133.181.7 [] []
[2021-04-30T13:19:39.243870+09:00] general.INFO: DB 연결 성공 [] []
[2021-04-30T13:19:39.243870+09:00] general.INFO: DB 연결 성공 [] []
[2021-04-30T13:19:39.243970+09:00] general.INFO: SQL - SELECT * FROM yh_member WHERE memNo = :where_memNo_0 LIMIT :offset, :limit [] []
[2021-04-30T13:19:39.243970+09:00] general.INFO: SQL - SELECT * FROM yh_member WHERE memNo = :where_memNo_0 LIMIT :offset, :limit [] []
[2021-04-30T13:19:39.243970+09:00] general.INFO: SQL - SELECT * FROM yh_member WHERE memNo = :where_memNo_0 LIMIT :offset, :limit [] []
[2021-04-30T13:19:39.244040+09:00] general.INFO: SQL BINDS - where_memNo_0 : 8,offset : 0,limit : 1 [] []
[2021-04-30T13:19:39.244040+09:00] general.INFO: SQL BINDS - where_memNo_0 : 8,offset : 0,limit : 1 [] []
[2021-04-30T13:19:39.244040+09:00] general.INFO: SQL BINDS - where_memNo_0 : 8,offset : 0,limit : 1 [] []
[2021-04-30T13:19:39.244040+09:00] general.INFO: SQL BINDS - where_memNo_0 : 8,offset : 0,limit : 1 [] []
[2021-04-30T13:19:40.923754+09:00] general.INFO: 접속자 IP : 125.133.181.7 [] []
[2021-04-30T13:19:40.924696+09:00] general.INFO: DB 연결 성공 [] []
[2021-04-30T13:19:40.924696+09:00] general.INFO: DB 연결 성공 [] []
[2021-04-30T13:19:40.924794+09:00] general.INFO: SQL - SELECT * FROM yh_member WHERE memNo = :where_memNo_0 LIMIT :offset, :limit [] []
[2021-04-30T13:19:40.924794+09:00] general.INFO: SQL - SELECT * FROM yh_member WHERE memNo = :where_memNo_0 LIMIT :offset, :limit [] []
[2021-04-30T13:19:40.924794+09:00] general.INFO: SQL - SELECT * FROM yh_member WHERE memNo = :where_memNo_0 LIMIT :offset, :limit [] []
[2021-04-30T13:19:40.924854+09:00] general.INFO: SQL BINDS - where_memNo_0 : 8,offset : 0,limit : 1 [] []
[2021-04-30T13:19:40.924854+09:00] general.INFO: SQL BINDS - where_memNo_0 : 8,offset : 0,limit : 1 [] []
[2021-04-30T13:19:40.924854+09:00] general.INFO: SQL BINDS - where_memNo_0 : 8,offset : 0,limit : 1 [] []
[2021-04-30T13:19:40.924854+09:00] general.INFO: SQL BINDS - where_memNo_0 : 8,offset : 0,limit : 1 [] []
[2021-04-30T13:19:40.938741+09:00] general.INFO: 접속자 IP : 125.133.181.7 [] []
[2021-04-30T13:19:40.939691+09:00] general.INFO: DB 연결 성공 [] []
[2021-04-30T13:19:40.939691+09:00] general.INFO: DB 연결 성공 [] []
[2021-04-30T13:19:40.939787+09:00] general.INFO: SQL - SELECT * FROM yh_member WHERE memNo = :where_memNo_0 LIMIT :offset, :limit [] []
[2021-04-30T13:19:40.939787+09:00] general.INFO: SQL - SELECT * FROM yh_member WHERE memNo = :where_memNo_0 LIMIT :offset, :limit [] []
[2021-04-30T13:19:40.939787+09:00] general.INFO: SQL - SELECT * FROM yh_member WHERE memNo = :where_memNo_0 LIMIT :offset, :limit [] []
[2021-04-30T13:19:40.939848+09:00] general.INFO: SQL BINDS - where_memNo_0 : 8,offset : 0,limit : 1 [] []
[2021-04-30T13:19:40.939848+09:00] general.INFO: SQL BINDS - where_memNo_0 : 8,offset : 0,limit : 1 [] []
[2021-04-30T13:19:40.939848+09:00] general.INFO: SQL BINDS - where_memNo_0 : 8,offset : 0,limit : 1 [] []
[2021-04-30T13:19:40.939848+09:00] general.INFO: SQL BINDS - where_memNo_0 : 8,offset : 0,limit : 1 [] []
[2021-04-30T13:19:40.940400+09:00] general.INFO: SQL - SELECT * FROM yh_board ORDER BY regDt DESC [] []
[2021-04-30T13:19:40.940400+09:00] general.INFO: SQL - SELECT * FROM yh_board ORDER BY regDt DESC [] []
[2021-04-30T13:19:40.940400+09:00] general.INFO: SQL - SELECT * FROM yh_board ORDER BY regDt DESC [] []
[2021-04-30T13:19:40.940400+09:00] general.INFO: SQL - SELECT * FROM yh_board ORDER BY regDt DESC [] []
[2021-04-30T13:19:40.940400+09:00] general.INFO: SQL - SELECT * FROM yh_board ORDER BY regDt DESC [] []
[2021-04-30T15:01:27.264163+09:00] general.INFO: 접속자 IP : 125.133.181.7 [] []
[2021-04-30T15:01:27.267050+09:00] general.INFO: DB 연결 성공 [] []
[2021-04-30T15:01:27.267050+09:00] general.INFO: DB 연결 성공 [] []
[2021-04-30T15:01:27.267142+09:00] general.INFO: SQL - SELECT * FROM yh_member WHERE memNo = :where_memNo_0 LIMIT :offset, :limit [] []
[2021-04-30T15:01:27.267142+09:00] general.INFO: SQL - SELECT * FROM yh_member WHERE memNo = :where_memNo_0 LIMIT :offset, :limit [] []
[2021-04-30T15:01:27.267142+09:00] general.INFO: SQL - SELECT * FROM yh_member WHERE memNo = :where_memNo_0 LIMIT :offset, :limit [] []
[2021-04-30T15:01:27.267201+09:00] general.INFO: SQL BINDS - where_memNo_0 : 8,offset : 0,limit : 1 [] []
[2021-04-30T15:01:27.267201+09:00] general.INFO: SQL BINDS - where_memNo_0 : 8,offset : 0,limit : 1 [] []
[2021-04-30T15:01:27.267201+09:00] general.INFO: SQL BINDS - where_memNo_0 : 8,offset : 0,limit : 1 [] []
[2021-04-30T15:01:27.267201+09:00] general.INFO: SQL BINDS - where_memNo_0 : 8,offset : 0,limit : 1 [] []
[2021-04-30T15:01:39.760842+09:00] general.INFO: 접속자 IP : 125.133.181.7 [] []
[2021-04-30T15:01:39.761254+09:00] general.INFO: REQUEST - POST : {"memId":"junghwan02","memPw":"qwe123QWE!@#"} [] []
[2021-04-30T15:01:39.761254+09:00] general.INFO: REQUEST - POST : {"memId":"junghwan02","memPw":"qwe123QWE!@#"} [] []
[2021-04-30T15:01:39.761695+09:00] general.INFO: DB 연결 성공 [] []
[2021-04-30T15:01:39.761695+09:00] general.INFO: DB 연결 성공 [] []
[2021-04-30T15:01:39.761695+09:00] general.INFO: DB 연결 성공 [] []
[2021-04-30T15:01:39.761804+09:00] general.INFO: SQL - SELECT * FROM yh_member WHERE memNo = :where_memNo_0 LIMIT :offset, :limit [] []
[2021-04-30T15:01:39.761804+09:00] general.INFO: SQL - SELECT * FROM yh_member WHERE memNo = :where_memNo_0 LIMIT :offset, :limit [] []
[2021-04-30T15:01:39.761804+09:00] general.INFO: SQL - SELECT * FROM yh_member WHERE memNo = :where_memNo_0 LIMIT :offset, :limit [] []
[2021-04-30T15:01:39.761804+09:00] general.INFO: SQL - SELECT * FROM yh_member WHERE memNo = :where_memNo_0 LIMIT :offset, :limit [] []
[2021-04-30T15:01:39.761875+09:00] general.INFO: SQL BINDS - where_memNo_0 : 8,offset : 0,limit : 1 [] []
[2021-04-30T15:01:39.761875+09:00] general.INFO: SQL BINDS - where_memNo_0 : 8,offset : 0,limit : 1 [] []
[2021-04-30T15:01:39.761875+09:00] general.INFO: SQL BINDS - where_memNo_0 : 8,offset : 0,limit : 1 [] []
[2021-04-30T15:01:39.761875+09:00] general.INFO: SQL BINDS - where_memNo_0 : 8,offset : 0,limit : 1 [] []
[2021-04-30T15:01:39.761875+09:00] general.INFO: SQL BINDS - where_memNo_0 : 8,offset : 0,limit : 1 [] []
[2021-04-30T15:01:39.762159+09:00] general.INFO: SQL - SELECT memNo FROM yh_member WHERE memId = :where_memId_0 LIMIT :offset, :limit [] []
[2021-04-30T15:01:39.762159+09:00] general.INFO: SQL - SELECT memNo FROM yh_member WHERE memId = :where_memId_0 LIMIT :offset, :limit [] []
[2021-04-30T15:01:39.762159+09:00] general.INFO: SQL - SELECT memNo FROM yh_member WHERE memId = :where_memId_0 LIMIT :offset, :limit [] []
[2021-04-30T15:01:39.762159+09:00] general.INFO: SQL - SELECT memNo FROM yh_member WHERE memId = :where_memId_0 LIMIT :offset, :limit [] []
[2021-04-30T15:01:39.762159+09:00] general.INFO: SQL - SELECT memNo FROM yh_member WHERE memId = :where_memId_0 LIMIT :offset, :limit [] []
[2021-04-30T15:01:39.762159+09:00] general.INFO: SQL - SELECT memNo FROM yh_member WHERE memId = :where_memId_0 LIMIT :offset, :limit [] []
[2021-04-30T15:01:39.762261+09:00] general.INFO: SQL BINDS - where_memId_0 : junghwan02,offset : 0,limit : 1 [] []
[2021-04-30T15:01:39.762261+09:00] general.INFO: SQL BINDS - where_memId_0 : junghwan02,offset : 0,limit : 1 [] []
[2021-04-30T15:01:39.762261+09:00] general.INFO: SQL BINDS - where_memId_0 : junghwan02,offset : 0,limit : 1 [] []
[2021-04-30T15:01:39.762261+09:00] general.INFO: SQL BINDS - where_memId_0 : junghwan02,offset : 0,limit : 1 [] []
[2021-04-30T15:01:39.762261+09:00] general.INFO: SQL BINDS - where_memId_0 : junghwan02,offset : 0,limit : 1 [] []
[2021-04-30T15:01:39.762261+09:00] general.INFO: SQL BINDS - where_memId_0 : junghwan02,offset : 0,limit : 1 [] []
[2021-04-30T15:01:39.762261+09:00] general.INFO: SQL BINDS - where_memId_0 : junghwan02,offset : 0,limit : 1 [] []
[2021-04-30T15:01:39.762541+09:00] general.INFO: SQL - SELECT * FROM yh_member WHERE memNo = :where_memNo_0 LIMIT :offset, :limit [] []
[2021-04-30T15:01:39.762541+09:00] general.INFO: SQL - SELECT * FROM yh_member WHERE memNo = :where_memNo_0 LIMIT :offset, :limit [] []
[2021-04-30T15:01:39.762541+09:00] general.INFO: SQL - SELECT * FROM yh_member WHERE memNo = :where_memNo_0 LIMIT :offset, :limit [] []
[2021-04-30T15:01:39.762541+09:00] general.INFO: SQL - SELECT * FROM yh_member WHERE memNo = :where_memNo_0 LIMIT :offset, :limit [] []
[2021-04-30T15:01:39.762541+09:00] general.INFO: SQL - SELECT * FROM yh_member WHERE memNo = :where_memNo_0 LIMIT :offset, :limit [] []
[2021-04-30T15:01:39.762541+09:00] general.INFO: SQL - SELECT * FROM yh_member WHERE memNo = :where_memNo_0 LIMIT :offset, :limit [] []
[2021-04-30T15:01:39.762541+09:00] general.INFO: SQL - SELECT * FROM yh_member WHERE memNo = :where_memNo_0 LIMIT :offset, :limit [] []
[2021-04-30T15:01:39.762541+09:00] general.INFO: SQL - SELECT * FROM yh_member WHERE memNo = :where_memNo_0 LIMIT :offset, :limit [] []
[2021-04-30T15:01:39.762672+09:00] general.INFO: SQL BINDS - where_memNo_0 : 8,offset : 0,limit : 1 [] []
[2021-04-30T15:01:39.762672+09:00] general.INFO: SQL BINDS - where_memNo_0 : 8,offset : 0,limit : 1 [] []
[2021-04-30T15:01:39.762672+09:00] general.INFO: SQL BINDS - where_memNo_0 : 8,offset : 0,limit : 1 [] []
[2021-04-30T15:01:39.762672+09:00] general.INFO: SQL BINDS - where_memNo_0 : 8,offset : 0,limit : 1 [] []
[2021-04-30T15:01:39.762672+09:00] general.INFO: SQL BINDS - where_memNo_0 : 8,offset : 0,limit : 1 [] []
[2021-04-30T15:01:39.762672+09:00] general.INFO: SQL BINDS - where_memNo_0 : 8,offset : 0,limit : 1 [] []
[2021-04-30T15:01:39.762672+09:00] general.INFO: SQL BINDS - where_memNo_0 : 8,offset : 0,limit : 1 [] []
[2021-04-30T15:01:39.762672+09:00] general.INFO: SQL BINDS - where_memNo_0 : 8,offset : 0,limit : 1 [] []
[2021-04-30T15:01:39.762672+09:00] general.INFO: SQL BINDS - where_memNo_0 : 8,offset : 0,limit : 1 [] []
[2021-04-30T15:01:39.841251+09:00] general.INFO: 접속자 IP : 125.133.181.7 [] []
[2021-04-30T15:01:39.842122+09:00] general.INFO: DB 연결 성공 [] []
[2021-04-30T15:01:39.842122+09:00] general.INFO: DB 연결 성공 [] []
[2021-04-30T15:01:39.842209+09:00] general.INFO: SQL - SELECT * FROM yh_member WHERE memNo = :where_memNo_0 LIMIT :offset, :limit [] []
[2021-04-30T15:01:39.842209+09:00] general.INFO: SQL - SELECT * FROM yh_member WHERE memNo = :where_memNo_0 LIMIT :offset, :limit [] []
[2021-04-30T15:01:39.842209+09:00] general.INFO: SQL - SELECT * FROM yh_member WHERE memNo = :where_memNo_0 LIMIT :offset, :limit [] []
[2021-04-30T15:01:39.842267+09:00] general.INFO: SQL BINDS - where_memNo_0 : 8,offset : 0,limit : 1 [] []
[2021-04-30T15:01:39.842267+09:00] general.INFO: SQL BINDS - where_memNo_0 : 8,offset : 0,limit : 1 [] []
[2021-04-30T15:01:39.842267+09:00] general.INFO: SQL BINDS - where_memNo_0 : 8,offset : 0,limit : 1 [] []
[2021-04-30T15:01:39.842267+09:00] general.INFO: SQL BINDS - where_memNo_0 : 8,offset : 0,limit : 1 [] []
[2021-04-30T15:01:41.842291+09:00] general.INFO: 접속자 IP : 125.133.181.7 [] []
[2021-04-30T15:01:41.843568+09:00] general.INFO: DB 연결 성공 [] []
[2021-04-30T15:01:41.843568+09:00] general.INFO: DB 연결 성공 [] []
[2021-04-30T15:01:41.843679+09:00] general.INFO: SQL - SELECT * FROM yh_member WHERE memNo = :where_memNo_0 LIMIT :offset, :limit [] []
[2021-04-30T15:01:41.843679+09:00] general.INFO: SQL - SELECT * FROM yh_member WHERE memNo = :where_memNo_0 LIMIT :offset, :limit [] []
[2021-04-30T15:01:41.843679+09:00] general.INFO: SQL - SELECT * FROM yh_member WHERE memNo = :where_memNo_0 LIMIT :offset, :limit [] []
[2021-04-30T15:01:41.843746+09:00] general.INFO: SQL BINDS - where_memNo_0 : 8,offset : 0,limit : 1 [] []
[2021-04-30T15:01:41.843746+09:00] general.INFO: SQL BINDS - where_memNo_0 : 8,offset : 0,limit : 1 [] []
[2021-04-30T15:01:41.843746+09:00] general.INFO: SQL BINDS - where_memNo_0 : 8,offset : 0,limit : 1 [] []
[2021-04-30T15:01:41.843746+09:00] general.INFO: SQL BINDS - where_memNo_0 : 8,offset : 0,limit : 1 [] []
[2021-04-30T15:01:41.857046+09:00] general.INFO: 접속자 IP : 125.133.181.7 [] []
[2021-04-30T15:01:41.858161+09:00] general.INFO: DB 연결 성공 [] []
[2021-04-30T15:01:41.858161+09:00] general.INFO: DB 연결 성공 [] []
[2021-04-30T15:01:41.858255+09:00] general.INFO: SQL - SELECT * FROM yh_member WHERE memNo = :where_memNo_0 LIMIT :offset, :limit [] []
[2021-04-30T15:01:41.858255+09:00] general.INFO: SQL - SELECT * FROM yh_member WHERE memNo = :where_memNo_0 LIMIT :offset, :limit [] []
[2021-04-30T15:01:41.858255+09:00] general.INFO: SQL - SELECT * FROM yh_member WHERE memNo = :where_memNo_0 LIMIT :offset, :limit [] []
[2021-04-30T15:01:41.858315+09:00] general.INFO: SQL BINDS - where_memNo_0 : 8,offset : 0,limit : 1 [] []
[2021-04-30T15:01:41.858315+09:00] general.INFO: SQL BINDS - where_memNo_0 : 8,offset : 0,limit : 1 [] []
[2021-04-30T15:01:41.858315+09:00] general.INFO: SQL BINDS - where_memNo_0 : 8,offset : 0,limit : 1 [] []
[2021-04-30T15:01:41.858315+09:00] general.INFO: SQL BINDS - where_memNo_0 : 8,offset : 0,limit : 1 [] []
[2021-04-30T15:01:41.858854+09:00] general.INFO: SQL - SELECT * FROM yh_board ORDER BY regDt DESC [] []
[2021-04-30T15:01:41.858854+09:00] general.INFO: SQL - SELECT * FROM yh_board ORDER BY regDt DESC [] []
[2021-04-30T15:01:41.858854+09:00] general.INFO: SQL - SELECT * FROM yh_board ORDER BY regDt DESC [] []
[2021-04-30T15:01:41.858854+09:00] general.INFO: SQL - SELECT * FROM yh_board ORDER BY regDt DESC [] []
[2021-04-30T15:01:41.858854+09:00] general.INFO: SQL - SELECT * FROM yh_board ORDER BY regDt DESC [] []
[2021-04-30T15:11:44.688073+09:00] general.INFO: 접속자 IP : 125.133.181.7 [] []
[2021-04-30T15:11:44.690403+09:00] general.INFO: DB 연결 성공 [] []
[2021-04-30T15:11:44.690403+09:00] general.INFO: DB 연결 성공 [] []
[2021-04-30T15:11:44.690500+09:00] general.INFO: SQL - SELECT * FROM yh_member WHERE memNo = :where_memNo_0 LIMIT :offset, :limit [] []
[2021-04-30T15:11:44.690500+09:00] general.INFO: SQL - SELECT * FROM yh_member WHERE memNo = :where_memNo_0 LIMIT :offset, :limit [] []
[2021-04-30T15:11:44.690500+09:00] general.INFO: SQL - SELECT * FROM yh_member WHERE memNo = :where_memNo_0 LIMIT :offset, :limit [] []
[2021-04-30T15:11:44.690560+09:00] general.INFO: SQL BINDS - where_memNo_0 : 8,offset : 0,limit : 1 [] []
[2021-04-30T15:11:44.690560+09:00] general.INFO: SQL BINDS - where_memNo_0 : 8,offset : 0,limit : 1 [] []
[2021-04-30T15:11:44.690560+09:00] general.INFO: SQL BINDS - where_memNo_0 : 8,offset : 0,limit : 1 [] []
[2021-04-30T15:11:44.690560+09:00] general.INFO: SQL BINDS - where_memNo_0 : 8,offset : 0,limit : 1 [] []
[2021-04-30T16:08:40.440920+09:00] general.INFO: 접속자 IP : 125.133.181.7 [] []
[2021-04-30T16:08:40.445446+09:00] general.INFO: DB 연결 성공 [] []
[2021-04-30T16:08:40.445446+09:00] general.INFO: DB 연결 성공 [] []
[2021-04-30T16:08:40.445537+09:00] general.INFO: SQL - SELECT * FROM yh_member WHERE memNo = :where_memNo_0 LIMIT :offset, :limit [] []
[2021-04-30T16:08:40.445537+09:00] general.INFO: SQL - SELECT * FROM yh_member WHERE memNo = :where_memNo_0 LIMIT :offset, :limit [] []
[2021-04-30T16:08:40.445537+09:00] general.INFO: SQL - SELECT * FROM yh_member WHERE memNo = :where_memNo_0 LIMIT :offset, :limit [] []
[2021-04-30T16:08:40.445594+09:00] general.INFO: SQL BINDS - where_memNo_0 : 8,offset : 0,limit : 1 [] []
[2021-04-30T16:08:40.445594+09:00] general.INFO: SQL BINDS - where_memNo_0 : 8,offset : 0,limit : 1 [] []
[2021-04-30T16:08:40.445594+09:00] general.INFO: SQL BINDS - where_memNo_0 : 8,offset : 0,limit : 1 [] []
[2021-04-30T16:08:40.445594+09:00] general.INFO: SQL BINDS - where_memNo_0 : 8,offset : 0,limit : 1 [] []
[2021-04-30T16:08:40.646566+09:00] general.INFO: 접속자 IP : 125.133.181.7 [] []
[2021-04-30T16:08:40.647736+09:00] general.INFO: DB 연결 성공 [] []
[2021-04-30T16:08:40.647736+09:00] general.INFO: DB 연결 성공 [] []
[2021-04-30T16:08:40.647824+09:00] general.INFO: SQL - SELECT * FROM yh_member WHERE memNo = :where_memNo_0 LIMIT :offset, :limit [] []
[2021-04-30T16:08:40.647824+09:00] general.INFO: SQL - SELECT * FROM yh_member WHERE memNo = :where_memNo_0 LIMIT :offset, :limit [] []
[2021-04-30T16:08:40.647824+09:00] general.INFO: SQL - SELECT * FROM yh_member WHERE memNo = :where_memNo_0 LIMIT :offset, :limit [] []
[2021-04-30T16:08:40.647881+09:00] general.INFO: SQL BINDS - where_memNo_0 : 8,offset : 0,limit : 1 [] []
[2021-04-30T16:08:40.647881+09:00] general.INFO: SQL BINDS - where_memNo_0 : 8,offset : 0,limit : 1 [] []
[2021-04-30T16:08:40.647881+09:00] general.INFO: SQL BINDS - where_memNo_0 : 8,offset : 0,limit : 1 [] []
[2021-04-30T16:08:40.647881+09:00] general.INFO: SQL BINDS - where_memNo_0 : 8,offset : 0,limit : 1 [] []
[2021-04-30T16:08:53.521658+09:00] general.INFO: 접속자 IP : 125.133.181.7 [] []
[2021-04-30T16:08:53.522078+09:00] general.INFO: REQUEST - POST : {"memId":"junghwan02","memPw":"qwe123QWE!@#"} [] []
[2021-04-30T16:08:53.522078+09:00] general.INFO: REQUEST - POST : {"memId":"junghwan02","memPw":"qwe123QWE!@#"} [] []
[2021-04-30T16:08:53.522571+09:00] general.INFO: DB 연결 성공 [] []
[2021-04-30T16:08:53.522571+09:00] general.INFO: DB 연결 성공 [] []
[2021-04-30T16:08:53.522571+09:00] general.INFO: DB 연결 성공 [] []
[2021-04-30T16:08:53.522676+09:00] general.INFO: SQL - SELECT * FROM yh_member WHERE memNo = :where_memNo_0 LIMIT :offset, :limit [] []
[2021-04-30T16:08:53.522676+09:00] general.INFO: SQL - SELECT * FROM yh_member WHERE memNo = :where_memNo_0 LIMIT :offset, :limit [] []
[2021-04-30T16:08:53.522676+09:00] general.INFO: SQL - SELECT * FROM yh_member WHERE memNo = :where_memNo_0 LIMIT :offset, :limit [] []
[2021-04-30T16:08:53.522676+09:00] general.INFO: SQL - SELECT * FROM yh_member WHERE memNo = :where_memNo_0 LIMIT :offset, :limit [] []
[2021-04-30T16:08:53.522746+09:00] general.INFO: SQL BINDS - where_memNo_0 : 8,offset : 0,limit : 1 [] []
[2021-04-30T16:08:53.522746+09:00] general.INFO: SQL BINDS - where_memNo_0 : 8,offset : 0,limit : 1 [] []
[2021-04-30T16:08:53.522746+09:00] general.INFO: SQL BINDS - where_memNo_0 : 8,offset : 0,limit : 1 [] []
[2021-04-30T16:08:53.522746+09:00] general.INFO: SQL BINDS - where_memNo_0 : 8,offset : 0,limit : 1 [] []
[2021-04-30T16:08:53.522746+09:00] general.INFO: SQL BINDS - where_memNo_0 : 8,offset : 0,limit : 1 [] []
[2021-04-30T16:08:53.522963+09:00] general.INFO: SQL - SELECT memNo FROM yh_member WHERE memId = :where_memId_0 LIMIT :offset, :limit [] []
[2021-04-30T16:08:53.522963+09:00] general.INFO: SQL - SELECT memNo FROM yh_member WHERE memId = :where_memId_0 LIMIT :offset, :limit [] []
[2021-04-30T16:08:53.522963+09:00] general.INFO: SQL - SELECT memNo FROM yh_member WHERE memId = :where_memId_0 LIMIT :offset, :limit [] []
[2021-04-30T16:08:53.522963+09:00] general.INFO: SQL - SELECT memNo FROM yh_member WHERE memId = :where_memId_0 LIMIT :offset, :limit [] []
[2021-04-30T16:08:53.522963+09:00] general.INFO: SQL - SELECT memNo FROM yh_member WHERE memId = :where_memId_0 LIMIT :offset, :limit [] []
[2021-04-30T16:08:53.522963+09:00] general.INFO: SQL - SELECT memNo FROM yh_member WHERE memId = :where_memId_0 LIMIT :offset, :limit [] []
[2021-04-30T16:08:53.523058+09:00] general.INFO: SQL BINDS - where_memId_0 : junghwan02,offset : 0,limit : 1 [] []
[2021-04-30T16:08:53.523058+09:00] general.INFO: SQL BINDS - where_memId_0 : junghwan02,offset : 0,limit : 1 [] []
[2021-04-30T16:08:53.523058+09:00] general.INFO: SQL BINDS - where_memId_0 : junghwan02,offset : 0,limit : 1 [] []
[2021-04-30T16:08:53.523058+09:00] general.INFO: SQL BINDS - where_memId_0 : junghwan02,offset : 0,limit : 1 [] []
[2021-04-30T16:08:53.523058+09:00] general.INFO: SQL BINDS - where_memId_0 : junghwan02,offset : 0,limit : 1 [] []
[2021-04-30T16:08:53.523058+09:00] general.INFO: SQL BINDS - where_memId_0 : junghwan02,offset : 0,limit : 1 [] []
[2021-04-30T16:08:53.523058+09:00] general.INFO: SQL BINDS - where_memId_0 : junghwan02,offset : 0,limit : 1 [] []
[2021-04-30T16:08:53.523371+09:00] general.INFO: SQL - SELECT * FROM yh_member WHERE memNo = :where_memNo_0 LIMIT :offset, :limit [] []
[2021-04-30T16:08:53.523371+09:00] general.INFO: SQL - SELECT * FROM yh_member WHERE memNo = :where_memNo_0 LIMIT :offset, :limit [] []
[2021-04-30T16:08:53.523371+09:00] general.INFO: SQL - SELECT * FROM yh_member WHERE memNo = :where_memNo_0 LIMIT :offset, :limit [] []
[2021-04-30T16:08:53.523371+09:00] general.INFO: SQL - SELECT * FROM yh_member WHERE memNo = :where_memNo_0 LIMIT :offset, :limit [] []
[2021-04-30T16:08:53.523371+09:00] general.INFO: SQL - SELECT * FROM yh_member WHERE memNo = :where_memNo_0 LIMIT :offset, :limit [] []
[2021-04-30T16:08:53.523371+09:00] general.INFO: SQL - SELECT * FROM yh_member WHERE memNo = :where_memNo_0 LIMIT :offset, :limit [] []
[2021-04-30T16:08:53.523371+09:00] general.INFO: SQL - SELECT * FROM yh_member WHERE memNo = :where_memNo_0 LIMIT :offset, :limit [] []
[2021-04-30T16:08:53.523371+09:00] general.INFO: SQL - SELECT * FROM yh_member WHERE memNo = :where_memNo_0 LIMIT :offset, :limit [] []
[2021-04-30T16:08:53.523499+09:00] general.INFO: SQL BINDS - where_memNo_0 : 8,offset : 0,limit : 1 [] []
[2021-04-30T16:08:53.523499+09:00] general.INFO: SQL BINDS - where_memNo_0 : 8,offset : 0,limit : 1 [] []
[2021-04-30T16:08:53.523499+09:00] general.INFO: SQL BINDS - where_memNo_0 : 8,offset : 0,limit : 1 [] []
[2021-04-30T16:08:53.523499+09:00] general.INFO: SQL BINDS - where_memNo_0 : 8,offset : 0,limit : 1 [] []
[2021-04-30T16:08:53.523499+09:00] general.INFO: SQL BINDS - where_memNo_0 : 8,offset : 0,limit : 1 [] []
[2021-04-30T16:08:53.523499+09:00] general.INFO: SQL BINDS - where_memNo_0 : 8,offset : 0,limit : 1 [] []
[2021-04-30T16:08:53.523499+09:00] general.INFO: SQL BINDS - where_memNo_0 : 8,offset : 0,limit : 1 [] []
[2021-04-30T16:08:53.523499+09:00] general.INFO: SQL BINDS - where_memNo_0 : 8,offset : 0,limit : 1 [] []
[2021-04-30T16:08:53.523499+09:00] general.INFO: SQL BINDS - where_memNo_0 : 8,offset : 0,limit : 1 [] []
[2021-04-30T16:08:53.596087+09:00] general.INFO: 접속자 IP : 125.133.181.7 [] []
[2021-04-30T16:08:53.597251+09:00] general.INFO: DB 연결 성공 [] []
[2021-04-30T16:08:53.597251+09:00] general.INFO: DB 연결 성공 [] []
[2021-04-30T16:08:53.597346+09:00] general.INFO: SQL - SELECT * FROM yh_member WHERE memNo = :where_memNo_0 LIMIT :offset, :limit [] []
[2021-04-30T16:08:53.597346+09:00] general.INFO: SQL - SELECT * FROM yh_member WHERE memNo = :where_memNo_0 LIMIT :offset, :limit [] []
[2021-04-30T16:08:53.597346+09:00] general.INFO: SQL - SELECT * FROM yh_member WHERE memNo = :where_memNo_0 LIMIT :offset, :limit [] []
[2021-04-30T16:08:53.597403+09:00] general.INFO: SQL BINDS - where_memNo_0 : 8,offset : 0,limit : 1 [] []
[2021-04-30T16:08:53.597403+09:00] general.INFO: SQL BINDS - where_memNo_0 : 8,offset : 0,limit : 1 [] []
[2021-04-30T16:08:53.597403+09:00] general.INFO: SQL BINDS - where_memNo_0 : 8,offset : 0,limit : 1 [] []
[2021-04-30T16:08:53.597403+09:00] general.INFO: SQL BINDS - where_memNo_0 : 8,offset : 0,limit : 1 [] []
[2021-04-30T16:08:57.023823+09:00] general.INFO: 접속자 IP : 125.133.181.7 [] []
[2021-04-30T16:08:57.025072+09:00] general.INFO: DB 연결 성공 [] []
[2021-04-30T16:08:57.025072+09:00] general.INFO: DB 연결 성공 [] []
[2021-04-30T16:08:57.025164+09:00] general.INFO: SQL - SELECT * FROM yh_member WHERE memNo = :where_memNo_0 LIMIT :offset, :limit [] []
[2021-04-30T16:08:57.025164+09:00] general.INFO: SQL - SELECT * FROM yh_member WHERE memNo = :where_memNo_0 LIMIT :offset, :limit [] []
[2021-04-30T16:08:57.025164+09:00] general.INFO: SQL - SELECT * FROM yh_member WHERE memNo = :where_memNo_0 LIMIT :offset, :limit [] []
[2021-04-30T16:08:57.025221+09:00] general.INFO: SQL BINDS - where_memNo_0 : 8,offset : 0,limit : 1 [] []
[2021-04-30T16:08:57.025221+09:00] general.INFO: SQL BINDS - where_memNo_0 : 8,offset : 0,limit : 1 [] []
[2021-04-30T16:08:57.025221+09:00] general.INFO: SQL BINDS - where_memNo_0 : 8,offset : 0,limit : 1 [] []
[2021-04-30T16:08:57.025221+09:00] general.INFO: SQL BINDS - where_memNo_0 : 8,offset : 0,limit : 1 [] []
[2021-04-30T16:08:57.039507+09:00] general.INFO: 접속자 IP : 125.133.181.7 [] []
[2021-04-30T16:08:57.040711+09:00] general.INFO: DB 연결 성공 [] []
[2021-04-30T16:08:57.040711+09:00] general.INFO: DB 연결 성공 [] []
[2021-04-30T16:08:57.040809+09:00] general.INFO: SQL - SELECT * FROM yh_member WHERE memNo = :where_memNo_0 LIMIT :offset, :limit [] []
[2021-04-30T16:08:57.040809+09:00] general.INFO: SQL - SELECT * FROM yh_member WHERE memNo = :where_memNo_0 LIMIT :offset, :limit [] []
[2021-04-30T16:08:57.040809+09:00] general.INFO: SQL - SELECT * FROM yh_member WHERE memNo = :where_memNo_0 LIMIT :offset, :limit [] []
[2021-04-30T16:08:57.040869+09:00] general.INFO: SQL BINDS - where_memNo_0 : 8,offset : 0,limit : 1 [] []
[2021-04-30T16:08:57.040869+09:00] general.INFO: SQL BINDS - where_memNo_0 : 8,offset : 0,limit : 1 [] []
[2021-04-30T16:08:57.040869+09:00] general.INFO: SQL BINDS - where_memNo_0 : 8,offset : 0,limit : 1 [] []
[2021-04-30T16:08:57.040869+09:00] general.INFO: SQL BINDS - where_memNo_0 : 8,offset : 0,limit : 1 [] []
[2021-04-30T16:08:57.041439+09:00] general.INFO: SQL - SELECT * FROM yh_board ORDER BY regDt DESC [] []
[2021-04-30T16:08:57.041439+09:00] general.INFO: SQL - SELECT * FROM yh_board ORDER BY regDt DESC [] []
[2021-04-30T16:08:57.041439+09:00] general.INFO: SQL - SELECT * FROM yh_board ORDER BY regDt DESC [] []
[2021-04-30T16:08:57.041439+09:00] general.INFO: SQL - SELECT * FROM yh_board ORDER BY regDt DESC [] []
[2021-04-30T16:08:57.041439+09:00] general.INFO: SQL - SELECT * FROM yh_board ORDER BY regDt DESC [] []
[2021-04-30T16:08:57.915557+09:00] general.INFO: 접속자 IP : 125.133.181.7 [] []
[2021-04-30T16:08:57.916349+09:00] general.INFO: DB 연결 성공 [] []
[2021-04-30T16:08:57.916349+09:00] general.INFO: DB 연결 성공 [] []
[2021-04-30T16:08:57.916434+09:00] general.INFO: SQL - SELECT * FROM yh_member WHERE memNo = :where_memNo_0 LIMIT :offset, :limit [] []
[2021-04-30T16:08:57.916434+09:00] general.INFO: SQL - SELECT * FROM yh_member WHERE memNo = :where_memNo_0 LIMIT :offset, :limit [] []
[2021-04-30T16:08:57.916434+09:00] general.INFO: SQL - SELECT * FROM yh_member WHERE memNo = :where_memNo_0 LIMIT :offset, :limit [] []
[2021-04-30T16:08:57.916491+09:00] general.INFO: SQL BINDS - where_memNo_0 : 8,offset : 0,limit : 1 [] []
[2021-04-30T16:08:57.916491+09:00] general.INFO: SQL BINDS - where_memNo_0 : 8,offset : 0,limit : 1 [] []
[2021-04-30T16:08:57.916491+09:00] general.INFO: SQL BINDS - where_memNo_0 : 8,offset : 0,limit : 1 [] []
[2021-04-30T16:08:57.916491+09:00] general.INFO: SQL BINDS - where_memNo_0 : 8,offset : 0,limit : 1 [] []
[2021-04-30T16:08:57.933923+09:00] general.INFO: 접속자 IP : 125.133.181.7 [] []
[2021-04-30T16:08:57.934715+09:00] general.INFO: DB 연결 성공 [] []
[2021-04-30T16:08:57.934715+09:00] general.INFO: DB 연결 성공 [] []
[2021-04-30T16:08:57.934813+09:00] general.INFO: SQL - SELECT * FROM yh_member WHERE memNo = :where_memNo_0 LIMIT :offset, :limit [] []
[2021-04-30T16:08:57.934813+09:00] general.INFO: SQL - SELECT * FROM yh_member WHERE memNo = :where_memNo_0 LIMIT :offset, :limit [] []
[2021-04-30T16:08:57.934813+09:00] general.INFO: SQL - SELECT * FROM yh_member WHERE memNo = :where_memNo_0 LIMIT :offset, :limit [] []
[2021-04-30T16:08:57.934891+09:00] general.INFO: SQL BINDS - where_memNo_0 : 8,offset : 0,limit : 1 [] []
[2021-04-30T16:08:57.934891+09:00] general.INFO: SQL BINDS - where_memNo_0 : 8,offset : 0,limit : 1 [] []
[2021-04-30T16:08:57.934891+09:00] general.INFO: SQL BINDS - where_memNo_0 : 8,offset : 0,limit : 1 [] []
[2021-04-30T16:08:57.934891+09:00] general.INFO: SQL BINDS - where_memNo_0 : 8,offset : 0,limit : 1 [] []
[2021-04-30T16:08:57.935447+09:00] general.INFO: SQL - SELECT COUNT(*) as cnt FROM yh_member LIMIT :offset, :limit [] []
[2021-04-30T16:08:57.935447+09:00] general.INFO: SQL - SELECT COUNT(*) as cnt FROM yh_member LIMIT :offset, :limit [] []
[2021-04-30T16:08:57.935447+09:00] general.INFO: SQL - SELECT COUNT(*) as cnt FROM yh_member LIMIT :offset, :limit [] []
[2021-04-30T16:08:57.935447+09:00] general.INFO: SQL - SELECT COUNT(*) as cnt FROM yh_member LIMIT :offset, :limit [] []
[2021-04-30T16:08:57.935447+09:00] general.INFO: SQL - SELECT COUNT(*) as cnt FROM yh_member LIMIT :offset, :limit [] []
[2021-04-30T16:08:57.935536+09:00] general.INFO: SQL BINDS - offset : 0,limit : 1 [] []
[2021-04-30T16:08:57.935536+09:00] general.INFO: SQL BINDS - offset : 0,limit : 1 [] []
[2021-04-30T16:08:57.935536+09:00] general.INFO: SQL BINDS - offset : 0,limit : 1 [] []
[2021-04-30T16:08:57.935536+09:00] general.INFO: SQL BINDS - offset : 0,limit : 1 [] []
[2021-04-30T16:08:57.935536+09:00] general.INFO: SQL BINDS - offset : 0,limit : 1 [] []
[2021-04-30T16:08:57.935536+09:00] general.INFO: SQL BINDS - offset : 0,limit : 1 [] []
[2021-04-30T16:08:57.935784+09:00] general.INFO: SQL - SELECT * FROM yh_member ORDER BY regDt DESC LIMIT :offset, :limit [] []
[2021-04-30T16:08:57.935784+09:00] general.INFO: SQL - SELECT * FROM yh_member ORDER BY regDt DESC LIMIT :offset, :limit [] []
[2021-04-30T16:08:57.935784+09:00] general.INFO: SQL - SELECT * FROM yh_member ORDER BY regDt DESC LIMIT :offset, :limit [] []
[2021-04-30T16:08:57.935784+09:00] general.INFO: SQL - SELECT * FROM yh_member ORDER BY regDt DESC LIMIT :offset, :limit [] []
[2021-04-30T16:08:57.935784+09:00] general.INFO: SQL - SELECT * FROM yh_member ORDER BY regDt DESC LIMIT :offset, :limit [] []
[2021-04-30T16:08:57.935784+09:00] general.INFO: SQL - SELECT * FROM yh_member ORDER BY regDt DESC LIMIT :offset, :limit [] []
[2021-04-30T16:08:57.935784+09:00] general.INFO: SQL - SELECT * FROM yh_member ORDER BY regDt DESC LIMIT :offset, :limit [] []
[2021-04-30T16:08:57.935886+09:00] general.INFO: SQL BINDS - offset : 0,limit : 20 [] []
[2021-04-30T16:08:57.935886+09:00] general.INFO: SQL BINDS - offset : 0,limit : 20 [] []
[2021-04-30T16:08:57.935886+09:00] general.INFO: SQL BINDS - offset : 0,limit : 20 [] []
[2021-04-30T16:08:57.935886+09:00] general.INFO: SQL BINDS - offset : 0,limit : 20 [] []
[2021-04-30T16:08:57.935886+09:00] general.INFO: SQL BINDS - offset : 0,limit : 20 [] []
[2021-04-30T16:08:57.935886+09:00] general.INFO: SQL BINDS - offset : 0,limit : 20 [] []
[2021-04-30T16:08:57.935886+09:00] general.INFO: SQL BINDS - offset : 0,limit : 20 [] []
[2021-04-30T16:08:57.935886+09:00] general.INFO: SQL BINDS - offset : 0,limit : 20 [] []
[2021-04-30T16:09:03.208981+09:00] general.INFO: 접속자 IP : 125.133.181.7 [] []
[2021-04-30T16:09:03.209782+09:00] general.INFO: DB 연결 성공 [] []
[2021-04-30T16:09:03.209782+09:00] general.INFO: DB 연결 성공 [] []
[2021-04-30T16:09:03.209859+09:00] general.INFO: SQL - SELECT * FROM yh_member WHERE memNo = :where_memNo_0 LIMIT :offset, :limit [] []
[2021-04-30T16:09:03.209859+09:00] general.INFO: SQL - SELECT * FROM yh_member WHERE memNo = :where_memNo_0 LIMIT :offset, :limit [] []
[2021-04-30T16:09:03.209859+09:00] general.INFO: SQL - SELECT * FROM yh_member WHERE memNo = :where_memNo_0 LIMIT :offset, :limit [] []
[2021-04-30T16:09:03.209915+09:00] general.INFO: SQL BINDS - where_memNo_0 : 8,offset : 0,limit : 1 [] []
[2021-04-30T16:09:03.209915+09:00] general.INFO: SQL BINDS - where_memNo_0 : 8,offset : 0,limit : 1 [] []
[2021-04-30T16:09:03.209915+09:00] general.INFO: SQL BINDS - where_memNo_0 : 8,offset : 0,limit : 1 [] []
[2021-04-30T16:09:03.209915+09:00] general.INFO: SQL BINDS - where_memNo_0 : 8,offset : 0,limit : 1 [] []
[2021-04-30T16:09:03.225639+09:00] general.INFO: 접속자 IP : 125.133.181.7 [] []
[2021-04-30T16:09:03.226811+09:00] general.INFO: DB 연결 성공 [] []
[2021-04-30T16:09:03.226811+09:00] general.INFO: DB 연결 성공 [] []
[2021-04-30T16:09:03.226897+09:00] general.INFO: SQL - SELECT * FROM yh_member WHERE memNo = :where_memNo_0 LIMIT :offset, :limit [] []
[2021-04-30T16:09:03.226897+09:00] general.INFO: SQL - SELECT * FROM yh_member WHERE memNo = :where_memNo_0 LIMIT :offset, :limit [] []
[2021-04-30T16:09:03.226897+09:00] general.INFO: SQL - SELECT * FROM yh_member WHERE memNo = :where_memNo_0 LIMIT :offset, :limit [] []
[2021-04-30T16:09:03.226954+09:00] general.INFO: SQL BINDS - where_memNo_0 : 8,offset : 0,limit : 1 [] []
[2021-04-30T16:09:03.226954+09:00] general.INFO: SQL BINDS - where_memNo_0 : 8,offset : 0,limit : 1 [] []
[2021-04-30T16:09:03.226954+09:00] general.INFO: SQL BINDS - where_memNo_0 : 8,offset : 0,limit : 1 [] []
[2021-04-30T16:09:03.226954+09:00] general.INFO: SQL BINDS - where_memNo_0 : 8,offset : 0,limit : 1 [] []
[2021-04-30T16:09:03.227552+09:00] general.INFO: SQL - SELECT * FROM yh_board ORDER BY regDt DESC [] []
[2021-04-30T16:09:03.227552+09:00] general.INFO: SQL - SELECT * FROM yh_board ORDER BY regDt DESC [] []
[2021-04-30T16:09:03.227552+09:00] general.INFO: SQL - SELECT * FROM yh_board ORDER BY regDt DESC [] []
[2021-04-30T16:09:03.227552+09:00] general.INFO: SQL - SELECT * FROM yh_board ORDER BY regDt DESC [] []
[2021-04-30T16:09:03.227552+09:00] general.INFO: SQL - SELECT * FROM yh_board ORDER BY regDt DESC [] []
[2021-04-30T16:09:04.087529+09:00] general.INFO: 접속자 IP : 125.133.181.7 [] []
[2021-04-30T16:09:04.088389+09:00] general.INFO: DB 연결 성공 [] []
[2021-04-30T16:09:04.088389+09:00] general.INFO: DB 연결 성공 [] []
[2021-04-30T16:09:04.088480+09:00] general.INFO: SQL - SELECT * FROM yh_member WHERE memNo = :where_memNo_0 LIMIT :offset, :limit [] []
[2021-04-30T16:09:04.088480+09:00] general.INFO: SQL - SELECT * FROM yh_member WHERE memNo = :where_memNo_0 LIMIT :offset, :limit [] []
[2021-04-30T16:09:04.088480+09:00] general.INFO: SQL - SELECT * FROM yh_member WHERE memNo = :where_memNo_0 LIMIT :offset, :limit [] []
[2021-04-30T16:09:04.088537+09:00] general.INFO: SQL BINDS - where_memNo_0 : 8,offset : 0,limit : 1 [] []
[2021-04-30T16:09:04.088537+09:00] general.INFO: SQL BINDS - where_memNo_0 : 8,offset : 0,limit : 1 [] []
[2021-04-30T16:09:04.088537+09:00] general.INFO: SQL BINDS - where_memNo_0 : 8,offset : 0,limit : 1 [] []
[2021-04-30T16:09:04.088537+09:00] general.INFO: SQL BINDS - where_memNo_0 : 8,offset : 0,limit : 1 [] []
[2021-04-30T16:09:04.102283+09:00] general.INFO: 접속자 IP : 125.133.181.7 [] []
[2021-04-30T16:09:04.103072+09:00] general.INFO: DB 연결 성공 [] []
[2021-04-30T16:09:04.103072+09:00] general.INFO: DB 연결 성공 [] []
[2021-04-30T16:09:04.103160+09:00] general.INFO: SQL - SELECT * FROM yh_member WHERE memNo = :where_memNo_0 LIMIT :offset, :limit [] []
[2021-04-30T16:09:04.103160+09:00] general.INFO: SQL - SELECT * FROM yh_member WHERE memNo = :where_memNo_0 LIMIT :offset, :limit [] []
[2021-04-30T16:09:04.103160+09:00] general.INFO: SQL - SELECT * FROM yh_member WHERE memNo = :where_memNo_0 LIMIT :offset, :limit [] []
[2021-04-30T16:09:04.103218+09:00] general.INFO: SQL BINDS - where_memNo_0 : 8,offset : 0,limit : 1 [] []
[2021-04-30T16:09:04.103218+09:00] general.INFO: SQL BINDS - where_memNo_0 : 8,offset : 0,limit : 1 [] []
[2021-04-30T16:09:04.103218+09:00] general.INFO: SQL BINDS - where_memNo_0 : 8,offset : 0,limit : 1 [] []
[2021-04-30T16:09:04.103218+09:00] general.INFO: SQL BINDS - where_memNo_0 : 8,offset : 0,limit : 1 [] []
[2021-04-30T16:09:04.103726+09:00] general.INFO: SQL - SELECT COUNT(*) as cnt FROM yh_member LIMIT :offset, :limit [] []
[2021-04-30T16:09:04.103726+09:00] general.INFO: SQL - SELECT COUNT(*) as cnt FROM yh_member LIMIT :offset, :limit [] []
[2021-04-30T16:09:04.103726+09:00] general.INFO: SQL - SELECT COUNT(*) as cnt FROM yh_member LIMIT :offset, :limit [] []
[2021-04-30T16:09:04.103726+09:00] general.INFO: SQL - SELECT COUNT(*) as cnt FROM yh_member LIMIT :offset, :limit [] []
[2021-04-30T16:09:04.103726+09:00] general.INFO: SQL - SELECT COUNT(*) as cnt FROM yh_member LIMIT :offset, :limit [] []
[2021-04-30T16:09:04.103811+09:00] general.INFO: SQL BINDS - offset : 0,limit : 1 [] []
[2021-04-30T16:09:04.103811+09:00] general.INFO: SQL BINDS - offset : 0,limit : 1 [] []
[2021-04-30T16:09:04.103811+09:00] general.INFO: SQL BINDS - offset : 0,limit : 1 [] []
[2021-04-30T16:09:04.103811+09:00] general.INFO: SQL BINDS - offset : 0,limit : 1 [] []
[2021-04-30T16:09:04.103811+09:00] general.INFO: SQL BINDS - offset : 0,limit : 1 [] []
[2021-04-30T16:09:04.103811+09:00] general.INFO: SQL BINDS - offset : 0,limit : 1 [] []
[2021-04-30T16:09:04.103950+09:00] general.INFO: SQL - SELECT * FROM yh_member ORDER BY regDt DESC LIMIT :offset, :limit [] []
[2021-04-30T16:09:04.103950+09:00] general.INFO: SQL - SELECT * FROM yh_member ORDER BY regDt DESC LIMIT :offset, :limit [] []
[2021-04-30T16:09:04.103950+09:00] general.INFO: SQL - SELECT * FROM yh_member ORDER BY regDt DESC LIMIT :offset, :limit [] []
[2021-04-30T16:09:04.103950+09:00] general.INFO: SQL - SELECT * FROM yh_member ORDER BY regDt DESC LIMIT :offset, :limit [] []
[2021-04-30T16:09:04.103950+09:00] general.INFO: SQL - SELECT * FROM yh_member ORDER BY regDt DESC LIMIT :offset, :limit [] []
[2021-04-30T16:09:04.103950+09:00] general.INFO: SQL - SELECT * FROM yh_member ORDER BY regDt DESC LIMIT :offset, :limit [] []
[2021-04-30T16:09:04.103950+09:00] general.INFO: SQL - SELECT * FROM yh_member ORDER BY regDt DESC LIMIT :offset, :limit [] []
[2021-04-30T16:09:04.104062+09:00] general.INFO: SQL BINDS - offset : 0,limit : 20 [] []
[2021-04-30T16:09:04.104062+09:00] general.INFO: SQL BINDS - offset : 0,limit : 20 [] []
[2021-04-30T16:09:04.104062+09:00] general.INFO: SQL BINDS - offset : 0,limit : 20 [] []
[2021-04-30T16:09:04.104062+09:00] general.INFO: SQL BINDS - offset : 0,limit : 20 [] []
[2021-04-30T16:09:04.104062+09:00] general.INFO: SQL BINDS - offset : 0,limit : 20 [] []
[2021-04-30T16:09:04.104062+09:00] general.INFO: SQL BINDS - offset : 0,limit : 20 [] []
[2021-04-30T16:09:04.104062+09:00] general.INFO: SQL BINDS - offset : 0,limit : 20 [] []
[2021-04-30T16:09:04.104062+09:00] general.INFO: SQL BINDS - offset : 0,limit : 20 [] []
